::1 - - [Sat, 21 Jul 2018 14:50:44 GMT] "POST /api/newsfeed/list HTTP/1.1" 401 25 1.812 ms
::1 - - [Sat, 21 Jul 2018 14:50:46 GMT] "GET /login HTTP/1.1" 200 - 6.785 ms
::1 - - [Sat, 21 Jul 2018 14:50:46 GMT] "GET /favicon.ico HTTP/1.1" 200 - 1.232 ms
::1 - - [Sat, 21 Jul 2018 14:50:54 GMT] "GET /css/bootstrap.min.css.map HTTP/1.1" 200 - 1.117 ms
::1 - - [Sat, 21 Jul 2018 14:55:49 GMT] "GET /login HTTP/1.1" 200 - 16.593 ms
::1 - - [Sat, 21 Jul 2018 14:55:50 GMT] "GET /css/bootstrap.min.css.map HTTP/1.1" 200 - 2.046 ms
::1 - - [Sat, 21 Jul 2018 14:55:54 GMT] "GET /favicon.ico HTTP/1.1" 200 - 59.774 ms
::1 - - [Sat, 21 Jul 2018 15:02:04 GMT] "GET /login HTTP/1.1" 200 - 17.451 ms
::1 - - [Sat, 21 Jul 2018 15:02:05 GMT] "GET /css/bootstrap.min.css.map HTTP/1.1" 200 - 1.442 ms
::1 - - [Sat, 21 Jul 2018 15:02:08 GMT] "GET /favicon.ico HTTP/1.1" 200 - 2.288 ms
::1 - - [Sat, 21 Jul 2018 15:06:38 GMT] "GET /login HTTP/1.1" 200 - 11.581 ms
::1 - - [Sat, 21 Jul 2018 15:06:39 GMT] "GET /css/bootstrap.min.css.map HTTP/1.1" 200 - 3.101 ms
::1 - - [Sat, 21 Jul 2018 15:06:42 GMT] "GET /favicon.ico HTTP/1.1" 200 - 4.471 ms
::1 - - [Sat, 21 Jul 2018 15:06:46 GMT] "GET /login HTTP/1.1" 304 - 4.455 ms
::1 - - [Sat, 21 Jul 2018 15:06:47 GMT] "GET /favicon.ico HTTP/1.1" 200 - 2.412 ms
::1 - - [Sat, 21 Jul 2018 15:06:52 GMT] "GET /css/bootstrap.min.css.map HTTP/1.1" 304 - 1.103 ms
::1 - - [Sat, 21 Jul 2018 15:09:50 GMT] "GET /login HTTP/1.1" 200 - 11.488 ms
::1 - - [Sat, 21 Jul 2018 15:09:51 GMT] "GET /css/bootstrap.min.css.map HTTP/1.1" 200 - 1.543 ms
::1 - - [Sat, 21 Jul 2018 15:09:54 GMT] "GET /favicon.ico HTTP/1.1" 200 - 28.791 ms
::1 - - [Sat, 21 Jul 2018 15:10:00 GMT] "GET /favicon.ico HTTP/1.1" 304 - 1.512 ms
::1 - - [Sat, 21 Jul 2018 15:10:05 GMT] "POST /login HTTP/1.1" 200 238 979.518 ms
::1 - - [Sat, 21 Jul 2018 15:10:05 GMT] "GET /stage/vicwu HTTP/1.1" 200 - 14.131 ms
::1 - - [Sat, 21 Jul 2018 15:10:05 GMT] "GET /api/user/join-date/vicwu HTTP/1.1" 200 773 22.263 ms
::1 - - [Sat, 21 Jul 2018 15:10:05 GMT] "GET /api/element/list/vicwu HTTP/1.1" 200 - 39.529 ms
::1 - - [Sat, 21 Jul 2018 15:10:07 GMT] "GET /favicon.ico HTTP/1.1" 304 - 10.599 ms
::1 - - [Sat, 21 Jul 2018 15:10:07 GMT] "GET /favicon.ico HTTP/1.1" 304 - 2.787 ms
::1 - - [Sat, 21 Jul 2018 15:10:07 GMT] "GET /favicon.ico HTTP/1.1" 304 - 2.839 ms
::1 - - [Sat, 21 Jul 2018 15:10:11 GMT] "GET /favicon.ico HTTP/1.1" 304 - 3.545 ms
::1 - - [Sat, 21 Jul 2018 15:10:12 GMT] "GET /home HTTP/1.1" 200 - 4.315 ms
::1 - - [Sat, 21 Jul 2018 15:10:13 GMT] "POST /api/newsfeed/list HTTP/1.1" 200 - 19.690 ms
::1 - - [Sat, 21 Jul 2018 15:10:14 GMT] "GET /favicon.ico HTTP/1.1" 304 - 2.786 ms
::1 - - [Sat, 21 Jul 2018 15:41:56 GMT] "POST /api/newsfeed/list HTTP/1.1" 200 - 34.594 ms
::1 - - [Sat, 21 Jul 2018 15:41:57 GMT] "GET /favicon.ico HTTP/1.1" 200 - 18.090 ms
::1 - - [Sat, 21 Jul 2018 15:43:03 GMT] "GET /css/bootstrap.min.css.map HTTP/1.1" 200 - 14.141 ms
::1 - - [Sat, 21 Jul 2018 20:24:59 GMT] "POST /api/newsfeed/list HTTP/1.1" 200 315 60.856 ms
::1 - - [Sat, 21 Jul 2018 20:25:01 GMT] "POST /api/newsfeed/list HTTP/1.1" 200 315 11.238 ms
::1 - - [Sat, 21 Jul 2018 20:25:07 GMT] "POST /api/newsfeed/list HTTP/1.1" 200 315 7.070 ms
::1 - - [Sat, 21 Jul 2018 21:02:02 GMT] "POST /api/newsfeed/list HTTP/1.1" 200 315 13.519 ms
::1 - - [Sat, 21 Jul 2018 21:02:03 GMT] "GET /css/bootstrap.min.css.map HTTP/1.1" 200 - 9.518 ms
::1 - - [Sun, 22 Jul 2018 18:35:01 GMT] "POST /api/newsfeed/list HTTP/1.1" 200 - 37.550 ms
::1 - - [Sun, 22 Jul 2018 18:35:03 GMT] "GET /favicon.ico HTTP/1.1" 200 - 13.463 ms
::1 - - [Sun, 22 Jul 2018 20:31:06 GMT] "POST /api/newsfeed/list HTTP/1.1" 200 - 45.988 ms
::1 - - [Sun, 22 Jul 2018 20:31:13 GMT] "GET /favicon.ico HTTP/1.1" 200 - 22.622 ms
::1 - - [Mon, 23 Jul 2018 13:30:09 GMT] "POST /api/newsfeed/list HTTP/1.1" 200 - 44.873 ms
::1 - - [Mon, 23 Jul 2018 13:30:11 GMT] "GET /favicon.ico HTTP/1.1" 200 - 13.137 ms
::1 - - [Mon, 23 Jul 2018 13:46:18 GMT] "GET /css/bootstrap.min.css.map HTTP/1.1" 200 - 26.811 ms
::1 - - [Mon, 23 Jul 2018 13:47:27 GMT] "GET /css/bootstrap.min.css.map HTTP/1.1" 304 - 3.627 ms
::1 - - [Mon, 23 Jul 2018 13:47:28 GMT] "POST /api/newsfeed/list HTTP/1.1" 200 - 19.021 ms
::1 - - [Mon, 23 Jul 2018 13:47:30 GMT] "GET /favicon.ico HTTP/1.1" 304 - 5.489 ms
::1 - - [Mon, 23 Jul 2018 13:53:00 GMT] "GET /css/bootstrap.min.css.map HTTP/1.1" 200 - 17.371 ms
::1 - - [Mon, 23 Jul 2018 13:53:00 GMT] "POST /api/newsfeed/list HTTP/1.1" 200 - 26.233 ms
::1 - - [Mon, 23 Jul 2018 13:53:02 GMT] "GET /favicon.ico HTTP/1.1" 200 - 11.672 ms
::1 - - [Mon, 23 Jul 2018 14:08:35 GMT] "GET /css/bootstrap.min.css.map HTTP/1.1" 200 - 16.600 ms
::1 - - [Mon, 23 Jul 2018 14:08:35 GMT] "POST /api/newsfeed/list HTTP/1.1" 200 - 29.134 ms
::1 - - [Mon, 23 Jul 2018 14:08:37 GMT] "GET /favicon.ico HTTP/1.1" 200 - 17.847 ms
::1 - - [Mon, 23 Jul 2018 14:19:36 GMT] "POST /api/newsfeed/list HTTP/1.1" 200 - 25.289 ms
::1 - - [Mon, 23 Jul 2018 14:19:36 GMT] "GET /css/bootstrap.min.css.map HTTP/1.1" 304 - 24.007 ms
::1 - - [Mon, 23 Jul 2018 14:19:37 GMT] "GET /favicon.ico HTTP/1.1" 304 - 6.443 ms
::1 - - [Mon, 23 Jul 2018 14:21:13 GMT] "GET /css/bootstrap.min.css.map HTTP/1.1" 200 - 17.376 ms
::1 - - [Mon, 23 Jul 2018 14:21:13 GMT] "POST /api/newsfeed/list HTTP/1.1" 200 - 33.575 ms
::1 - - [Mon, 23 Jul 2018 14:21:15 GMT] "GET /favicon.ico HTTP/1.1" 200 - 4.860 ms
::1 - - [Mon, 23 Jul 2018 14:21:42 GMT] "POST /api/newsfeed/list HTTP/1.1" 200 - 23.929 ms
::1 - - [Mon, 23 Jul 2018 14:21:42 GMT] "GET /css/bootstrap.min.css.map HTTP/1.1" 304 - 8.172 ms
::1 - - [Mon, 23 Jul 2018 14:21:44 GMT] "GET /favicon.ico HTTP/1.1" 304 - 3.666 ms
::1 - - [Mon, 23 Jul 2018 14:23:15 GMT] "GET /css/bootstrap.min.css.map HTTP/1.1" 200 - 21.850 ms
::1 - - [Mon, 23 Jul 2018 14:23:15 GMT] "POST /api/newsfeed/list HTTP/1.1" 200 - 28.798 ms
::1 - - [Mon, 23 Jul 2018 14:23:17 GMT] "GET /favicon.ico HTTP/1.1" 200 - 5.809 ms
::1 - - [Mon, 23 Jul 2018 14:31:16 GMT] "GET /css/bootstrap.min.css.map HTTP/1.1" 200 - 22.207 ms
::1 - - [Mon, 23 Jul 2018 14:31:17 GMT] "POST /api/newsfeed/list HTTP/1.1" 200 - 26.043 ms
::1 - - [Mon, 23 Jul 2018 14:31:18 GMT] "GET /favicon.ico HTTP/1.1" 200 - 14.326 ms
::1 - - [Mon, 23 Jul 2018 14:31:56 GMT] "GET /stage/vicwu HTTP/1.1" 200 - 9.287 ms
::1 - - [Mon, 23 Jul 2018 14:31:57 GMT] "GET /api/user/join-date/vicwu HTTP/1.1" 200 773 20.331 ms
::1 - - [Mon, 23 Jul 2018 14:31:57 GMT] "GET /api/element/list/vicwu HTTP/1.1" 200 - 47.309 ms
::1 - - [Mon, 23 Jul 2018 14:31:58 GMT] "GET /css/bootstrap.min.css.map HTTP/1.1" 304 - 6.104 ms
::1 - - [Mon, 23 Jul 2018 14:31:58 GMT] "GET /favicon.ico HTTP/1.1" 304 - 12.663 ms
::1 - - [Mon, 23 Jul 2018 14:32:25 GMT] "GET /favicon.ico HTTP/1.1" 304 - 4.153 ms
::1 - - [Mon, 23 Jul 2018 14:32:26 GMT] "POST /logout HTTP/1.1" 200 0 1.911 ms
::1 - - [Mon, 23 Jul 2018 14:32:26 GMT] "GET /login HTTP/1.1" 200 - 2.526 ms
::1 - - [Mon, 23 Jul 2018 14:32:29 GMT] "GET /favicon.ico HTTP/1.1" 304 - 4.188 ms
::1 - - [Mon, 23 Jul 2018 14:32:31 GMT] "GET /favicon.ico HTTP/1.1" 304 - 0.778 ms
::1 - - [Mon, 23 Jul 2018 14:33:00 GMT] "POST /register HTTP/1.1" 400 33 5.962 ms
::1 - - [Mon, 23 Jul 2018 14:33:11 GMT] "POST /register HTTP/1.1" 400 33 4.076 ms
::1 - - [Mon, 23 Jul 2018 14:33:29 GMT] "POST /register HTTP/1.1" 400 33 3.927 ms
::1 - - [Mon, 23 Jul 2018 14:33:42 GMT] "POST /register HTTP/1.1" 400 33 4.078 ms
::1 - - [Mon, 23 Jul 2018 14:34:29 GMT] "POST /register HTTP/1.1" 400 33 6.385 ms
::1 - - [Mon, 23 Jul 2018 14:45:07 GMT] "POST /login HTTP/1.1" 200 238 962.676 ms
::1 - - [Mon, 23 Jul 2018 14:45:07 GMT] "GET /stage/vicwu HTTP/1.1" 304 - 9.582 ms
::1 - - [Mon, 23 Jul 2018 14:45:08 GMT] "GET /api/user/join-date/vicwu HTTP/1.1" 200 773 26.268 ms
::1 - - [Mon, 23 Jul 2018 14:45:08 GMT] "GET /api/element/list/vicwu HTTP/1.1" 200 - 35.401 ms
::1 - - [Mon, 23 Jul 2018 14:45:09 GMT] "GET /favicon.ico HTTP/1.1" 304 - 8.355 ms
::1 - - [Mon, 23 Jul 2018 14:45:09 GMT] "GET /favicon.ico HTTP/1.1" 304 - 2.798 ms
::1 - - [Mon, 23 Jul 2018 14:45:09 GMT] "GET /favicon.ico HTTP/1.1" 304 - 2.633 ms
::1 - - [Mon, 23 Jul 2018 14:45:15 GMT] "GET /home HTTP/1.1" 200 - 6.890 ms
::1 - - [Mon, 23 Jul 2018 14:45:16 GMT] "POST /api/newsfeed/list HTTP/1.1" 200 - 23.607 ms
::1 - - [Mon, 23 Jul 2018 14:45:16 GMT] "GET /favicon.ico HTTP/1.1" 304 - 5.317 ms
::1 - - [Mon, 23 Jul 2018 14:45:18 GMT] "GET /stage/vicwu HTTP/1.1" 304 - 4.384 ms
::1 - - [Mon, 23 Jul 2018 14:45:19 GMT] "GET /api/user/join-date/vicwu HTTP/1.1" 304 - 11.524 ms
::1 - - [Mon, 23 Jul 2018 14:45:19 GMT] "GET /api/element/list/vicwu HTTP/1.1" 200 - 29.652 ms
::1 - - [Mon, 23 Jul 2018 14:45:20 GMT] "GET /favicon.ico HTTP/1.1" 304 - 10.976 ms
::1 - - [Mon, 23 Jul 2018 14:45:24 GMT] "GET /css/bootstrap.min.css.map HTTP/1.1" 304 - 5.522 ms
::1 - - [Mon, 23 Jul 2018 14:47:55 GMT] "GET /stage/vicwu HTTP/1.1" 200 - 19.098 ms
::1 - - [Mon, 23 Jul 2018 14:47:56 GMT] "GET /css/bootstrap.min.css.map HTTP/1.1" 200 - 6.709 ms
::1 - - [Mon, 23 Jul 2018 14:47:56 GMT] "GET /api/user/join-date/vicwu HTTP/1.1" 304 - 15.655 ms
::1 - - [Mon, 23 Jul 2018 14:47:56 GMT] "GET /api/element/list/vicwu HTTP/1.1" 200 - 42.197 ms
::1 - - [Mon, 23 Jul 2018 14:47:58 GMT] "GET /favicon.ico HTTP/1.1" 200 - 5.960 ms
::1 - - [Mon, 23 Jul 2018 14:50:41 GMT] "GET /stage/vicwu HTTP/1.1" 200 - 19.669 ms
::1 - - [Mon, 23 Jul 2018 14:50:42 GMT] "GET /css/bootstrap.min.css.map HTTP/1.1" 200 - 7.170 ms
::1 - - [Mon, 23 Jul 2018 14:50:42 GMT] "GET /api/user/join-date/vicwu HTTP/1.1" 200 773 32.407 ms
::1 - - [Mon, 23 Jul 2018 14:50:42 GMT] "GET /api/element/list/vicwu HTTP/1.1" 304 - 57.051 ms
::1 - - [Mon, 23 Jul 2018 14:50:44 GMT] "GET /favicon.ico HTTP/1.1" 200 - 15.231 ms
::1 - - [Mon, 23 Jul 2018 14:56:27 GMT] "GET /stage/vicwu HTTP/1.1" 304 - 10.528 ms
::1 - - [Mon, 23 Jul 2018 14:56:28 GMT] "GET /api/user/join-date/vicwu HTTP/1.1" 200 773 14.792 ms
::1 - - [Mon, 23 Jul 2018 14:56:28 GMT] "GET /api/element/list/vicwu HTTP/1.1" 304 - 45.457 ms
::1 - - [Mon, 23 Jul 2018 14:56:29 GMT] "GET /css/bootstrap.min.css.map HTTP/1.1" 304 - 12.866 ms
::1 - - [Mon, 23 Jul 2018 14:56:30 GMT] "GET /favicon.ico HTTP/1.1" 304 - 4.006 ms
::1 - - [Mon, 23 Jul 2018 14:56:30 GMT] "GET /favicon.ico HTTP/1.1" 304 - 5.327 ms
::1 - - [Mon, 23 Jul 2018 14:56:31 GMT] "POST /logout HTTP/1.1" 200 0 2.789 ms
::1 - - [Mon, 23 Jul 2018 14:56:31 GMT] "GET /login HTTP/1.1" 200 - 4.896 ms
::1 - - [Mon, 23 Jul 2018 14:56:33 GMT] "GET /css/bootstrap.min.css.map HTTP/1.1" 304 - 1.892 ms
::1 - - [Mon, 23 Jul 2018 14:56:36 GMT] "GET /favicon.ico HTTP/1.1" 304 - 1.532 ms
::1 - - [Mon, 23 Jul 2018 14:56:37 GMT] "GET /favicon.ico HTTP/1.1" 304 - 0.998 ms
::1 - - [Mon, 23 Jul 2018 14:56:51 GMT] "POST /register HTTP/1.1" 400 33 12.066 ms
::1 - - [Mon, 23 Jul 2018 14:58:52 GMT] "GET /login HTTP/1.1" 304 - 14.059 ms
::1 - - [Mon, 23 Jul 2018 14:58:53 GMT] "GET /css/bootstrap.min.css.map HTTP/1.1" 304 - 1.043 ms
::1 - - [Mon, 23 Jul 2018 14:58:55 GMT] "GET /favicon.ico HTTP/1.1" 304 - 0.842 ms
::1 - - [Mon, 23 Jul 2018 14:59:04 GMT] "POST /login HTTP/1.1" 200 254 964.491 ms
::1 - - [Mon, 23 Jul 2018 14:59:04 GMT] "GET /stage/victortest HTTP/1.1" 200 - 26.412 ms
::1 - - [Mon, 23 Jul 2018 14:59:05 GMT] "GET /api/user/join-date/victortest HTTP/1.1" 200 826 9.337 ms
::1 - - [Mon, 23 Jul 2018 14:59:05 GMT] "GET /api/element/list/victortest HTTP/1.1" 200 303 10.794 ms
::1 - - [Mon, 23 Jul 2018 14:59:05 GMT] "GET /css/bootstrap.min.css.map HTTP/1.1" 304 - 5.502 ms
::1 - - [Mon, 23 Jul 2018 14:59:06 GMT] "GET /favicon.ico HTTP/1.1" 304 - 4.842 ms
::1 - - [Mon, 23 Jul 2018 14:59:07 GMT] "GET /favicon.ico HTTP/1.1" 304 - 6.745 ms
::1 - - [Mon, 23 Jul 2018 14:59:07 GMT] "GET /favicon.ico HTTP/1.1" 304 - 4.990 ms
::1 - - [Mon, 23 Jul 2018 14:59:13 GMT] "GET /home HTTP/1.1" 200 - 8.438 ms
::1 - - [Mon, 23 Jul 2018 14:59:14 GMT] "POST /api/newsfeed/list HTTP/1.1" 200 - 21.296 ms
::1 - - [Mon, 23 Jul 2018 14:59:15 GMT] "GET /favicon.ico HTTP/1.1" 304 - 3.277 ms
::1 - - [Mon, 23 Jul 2018 14:59:17 GMT] "GET /stage/victortest HTTP/1.1" 304 - 5.380 ms
::1 - - [Mon, 23 Jul 2018 14:59:17 GMT] "GET /api/user/join-date/victortest HTTP/1.1" 304 - 11.206 ms
::1 - - [Mon, 23 Jul 2018 14:59:17 GMT] "GET /api/element/list/victortest HTTP/1.1" 304 - 9.116 ms
::1 - - [Mon, 23 Jul 2018 14:59:18 GMT] "GET /favicon.ico HTTP/1.1" 304 - 4.906 ms
::1 - - [Mon, 23 Jul 2018 14:59:21 GMT] "GET /home HTTP/1.1" 304 - 4.607 ms
::1 - - [Mon, 23 Jul 2018 14:59:22 GMT] "POST /api/newsfeed/list HTTP/1.1" 200 - 16.109 ms
::1 - - [Mon, 23 Jul 2018 14:59:23 GMT] "GET /favicon.ico HTTP/1.1" 304 - 6.169 ms
::1 - - [Mon, 23 Jul 2018 14:59:25 GMT] "GET /stage/victortest HTTP/1.1" 304 - 5.638 ms
::1 - - [Mon, 23 Jul 2018 14:59:26 GMT] "GET /api/user/join-date/victortest HTTP/1.1" 304 - 18.756 ms
::1 - - [Mon, 23 Jul 2018 14:59:26 GMT] "GET /api/element/list/victortest HTTP/1.1" 304 - 18.164 ms
::1 - - [Mon, 23 Jul 2018 14:59:26 GMT] "GET /favicon.ico HTTP/1.1" 304 - 7.366 ms
::1 - - [Mon, 23 Jul 2018 14:59:36 GMT] "GET /api/element/list/victortest HTTP/1.1" 304 - 19.619 ms
::1 - - [Mon, 23 Jul 2018 14:59:36 GMT] "GET /favicon.ico HTTP/1.1" 304 - 3.073 ms
::1 - - [Mon, 23 Jul 2018 14:59:39 GMT] "GET /favicon.ico HTTP/1.1" 304 - 4.845 ms
::1 - - [Mon, 23 Jul 2018 14:59:39 GMT] "GET /favicon.ico HTTP/1.1" 304 - 3.544 ms
::1 - - [Mon, 23 Jul 2018 14:59:42 GMT] "POST /api/user/notifications/list HTTP/1.1" 200 39 16.838 ms
::1 - - [Mon, 23 Jul 2018 14:59:42 GMT] "GET /favicon.ico HTTP/1.1" 304 - 13.020 ms
::1 - - [Mon, 23 Jul 2018 14:59:42 GMT] "GET /favicon.ico HTTP/1.1" 304 - 3.053 ms
::1 - - [Mon, 23 Jul 2018 14:59:58 GMT] "GET /home HTTP/1.1" 304 - 8.685 ms
::1 - - [Mon, 23 Jul 2018 14:59:58 GMT] "POST /api/newsfeed/list HTTP/1.1" 200 - 14.712 ms
::1 - - [Mon, 23 Jul 2018 14:59:59 GMT] "GET /favicon.ico HTTP/1.1" 304 - 6.085 ms
::1 - - [Mon, 23 Jul 2018 15:00:51 GMT] "GET /stage/victortest HTTP/1.1" 304 - 5.215 ms
::1 - - [Mon, 23 Jul 2018 15:00:51 GMT] "GET /api/user/join-date/victortest HTTP/1.1" 304 - 10.600 ms
::1 - - [Mon, 23 Jul 2018 15:00:51 GMT] "GET /api/element/list/victortest HTTP/1.1" 304 - 10.875 ms
::1 - - [Mon, 23 Jul 2018 15:00:52 GMT] "GET /favicon.ico HTTP/1.1" 304 - 15.142 ms
::1 - - [Mon, 23 Jul 2018 15:03:17 GMT] "GET /css/bootstrap.min.css.map HTTP/1.1" 304 - 3.528 ms
::1 - - [Mon, 23 Jul 2018 15:03:20 GMT] "GET /stage/victortest HTTP/1.1" 304 - 5.783 ms
::1 - - [Mon, 23 Jul 2018 15:03:21 GMT] "GET /api/user/join-date/victortest HTTP/1.1" 304 - 6.180 ms
::1 - - [Mon, 23 Jul 2018 15:03:21 GMT] "GET /api/element/list/victortest HTTP/1.1" 304 - 17.834 ms
::1 - - [Mon, 23 Jul 2018 15:03:21 GMT] "GET /css/bootstrap.min.css.map HTTP/1.1" 304 - 5.010 ms
::1 - - [Mon, 23 Jul 2018 15:03:22 GMT] "GET /favicon.ico HTTP/1.1" 304 - 12.295 ms
::1 - - [Mon, 23 Jul 2018 15:18:32 GMT] "GET /stage/victortest HTTP/1.1" 200 - 32.964 ms
::1 - - [Mon, 23 Jul 2018 15:18:33 GMT] "GET /css/bootstrap.min.css.map HTTP/1.1" 200 - 7.700 ms
::1 - - [Mon, 23 Jul 2018 15:18:34 GMT] "GET /api/user/join-date/victortest HTTP/1.1" 200 826 11.965 ms
::1 - - [Mon, 23 Jul 2018 15:18:34 GMT] "GET /api/element/list/victortest HTTP/1.1" 304 - 12.344 ms
::1 - - [Mon, 23 Jul 2018 15:18:35 GMT] "GET /favicon.ico HTTP/1.1" 200 - 7.267 ms
::1 - - [Mon, 23 Jul 2018 15:28:51 GMT] "GET /stage/victortest HTTP/1.1" 304 - 8.630 ms
::1 - - [Mon, 23 Jul 2018 15:28:53 GMT] "GET /api/user/join-date/victortest HTTP/1.1" 200 826 9.506 ms
::1 - - [Mon, 23 Jul 2018 15:28:53 GMT] "GET /api/element/list/victortest HTTP/1.1" 304 - 9.011 ms
::1 - - [Mon, 23 Jul 2018 15:28:53 GMT] "GET /css/bootstrap.min.css.map HTTP/1.1" 304 - 10.443 ms
::1 - - [Mon, 23 Jul 2018 15:28:54 GMT] "GET /favicon.ico HTTP/1.1" 304 - 4.233 ms
::1 - - [Mon, 23 Jul 2018 15:34:59 GMT] "GET /stage/victortest HTTP/1.1" 200 - 27.153 ms
::1 - - [Mon, 23 Jul 2018 15:35:00 GMT] "GET /css/bootstrap.min.css.map HTTP/1.1" 200 - 11.465 ms
::1 - - [Mon, 23 Jul 2018 15:35:01 GMT] "GET /api/user/join-date/victortest HTTP/1.1" 200 826 23.080 ms
::1 - - [Mon, 23 Jul 2018 15:35:01 GMT] "GET /api/element/list/victortest HTTP/1.1" 304 - 18.891 ms
::1 - - [Mon, 23 Jul 2018 15:35:02 GMT] "GET /favicon.ico HTTP/1.1" 200 - 10.021 ms
::1 - - [Mon, 23 Jul 2018 15:35:32 GMT] "GET /stage/victortest HTTP/1.1" 304 - 7.474 ms
::1 - - [Mon, 23 Jul 2018 15:35:32 GMT] "GET /api/user/join-date/victortest HTTP/1.1" 304 - 8.513 ms
::1 - - [Mon, 23 Jul 2018 15:35:32 GMT] "GET /api/element/list/victortest HTTP/1.1" 304 - 8.276 ms
::1 - - [Mon, 23 Jul 2018 15:35:33 GMT] "GET /css/bootstrap.min.css.map HTTP/1.1" 304 - 4.204 ms
::1 - - [Mon, 23 Jul 2018 15:35:34 GMT] "GET /favicon.ico HTTP/1.1" 304 - 4.432 ms
::1 - - [Mon, 23 Jul 2018 15:38:04 GMT] "GET /stage/victortest HTTP/1.1" 200 - 22.559 ms
::1 - - [Mon, 23 Jul 2018 15:38:05 GMT] "GET /css/bootstrap.min.css.map HTTP/1.1" 200 - 10.367 ms
::1 - - [Mon, 23 Jul 2018 15:38:05 GMT] "GET /api/user/join-date/victortest HTTP/1.1" 304 - 18.889 ms
::1 - - [Mon, 23 Jul 2018 15:38:05 GMT] "GET /api/element/list/victortest HTTP/1.1" 304 - 18.499 ms
::1 - - [Mon, 23 Jul 2018 15:38:07 GMT] "GET /favicon.ico HTTP/1.1" 200 - 6.713 ms
::1 - - [Mon, 23 Jul 2018 15:38:10 GMT] "GET /stage/victortest HTTP/1.1" 304 - 4.912 ms
::1 - - [Mon, 23 Jul 2018 15:38:10 GMT] "GET /api/user/join-date/victortest HTTP/1.1" 304 - 8.369 ms
::1 - - [Mon, 23 Jul 2018 15:38:10 GMT] "GET /api/element/list/victortest HTTP/1.1" 304 - 6.721 ms
::1 - - [Mon, 23 Jul 2018 15:38:11 GMT] "GET /css/bootstrap.min.css.map HTTP/1.1" 304 - 6.001 ms
::1 - - [Mon, 23 Jul 2018 15:38:11 GMT] "GET /home HTTP/1.1" 200 - 5.303 ms
::1 - - [Mon, 23 Jul 2018 15:38:12 GMT] "POST /api/newsfeed/list HTTP/1.1" 200 - 24.598 ms
::1 - - [Mon, 23 Jul 2018 15:38:12 GMT] "GET /css/bootstrap.min.css.map HTTP/1.1" 304 - 14.837 ms
::1 - - [Mon, 23 Jul 2018 15:38:14 GMT] "GET /favicon.ico HTTP/1.1" 304 - 5.567 ms
::1 - - [Mon, 23 Jul 2018 15:38:15 GMT] "GET /stage/victortest HTTP/1.1" 304 - 5.090 ms
::1 - - [Mon, 23 Jul 2018 15:38:16 GMT] "GET /api/user/join-date/victortest HTTP/1.1" 304 - 15.043 ms
::1 - - [Mon, 23 Jul 2018 15:38:16 GMT] "GET /api/element/list/victortest HTTP/1.1" 304 - 12.741 ms
::1 - - [Mon, 23 Jul 2018 15:38:16 GMT] "GET /css/bootstrap.min.css.map HTTP/1.1" 304 - 5.841 ms
::1 - - [Mon, 23 Jul 2018 15:38:17 GMT] "GET /favicon.ico HTTP/1.1" 304 - 3.945 ms
::1 - - [Mon, 23 Jul 2018 15:38:32 GMT] "GET /stage/victortest HTTP/1.1" 304 - 4.225 ms
::1 - - [Mon, 23 Jul 2018 15:38:33 GMT] "GET /api/element/list/victortest HTTP/1.1" 304 - 13.383 ms
::1 - - [Mon, 23 Jul 2018 15:38:33 GMT] "GET /api/user/join-date/victortest HTTP/1.1" 304 - 22.126 ms
::1 - - [Mon, 23 Jul 2018 15:38:33 GMT] "GET /css/bootstrap.min.css.map HTTP/1.1" 304 - 4.409 ms
::1 - - [Mon, 23 Jul 2018 15:38:34 GMT] "GET /favicon.ico HTTP/1.1" 304 - 13.021 ms
::1 - - [Mon, 23 Jul 2018 15:40:24 GMT] "GET /favicon.ico HTTP/1.1" 304 - 5.294 ms
::1 - - [Mon, 23 Jul 2018 15:40:33 GMT] "POST /logout HTTP/1.1" 200 0 2.551 ms
::1 - - [Mon, 23 Jul 2018 15:40:33 GMT] "GET /login HTTP/1.1" 200 - 3.404 ms
::1 - - [Mon, 23 Jul 2018 15:40:35 GMT] "GET /css/bootstrap.min.css.map HTTP/1.1" 304 - 0.883 ms
::1 - - [Mon, 23 Jul 2018 15:40:37 GMT] "GET /favicon.ico HTTP/1.1" 304 - 0.729 ms
::1 - - [Mon, 23 Jul 2018 15:41:01 GMT] "POST /login HTTP/1.1" 403 18 959.327 ms
::1 - - [Mon, 23 Jul 2018 15:41:08 GMT] "POST /login HTTP/1.1" 403 18 909.670 ms
::1 - - [Mon, 23 Jul 2018 15:41:15 GMT] "POST /login HTTP/1.1" 200 255 992.407 ms
::1 - - [Mon, 23 Jul 2018 15:41:15 GMT] "GET /stage/victortest HTTP/1.1" 304 - 7.746 ms
::1 - - [Mon, 23 Jul 2018 15:41:16 GMT] "GET /css/bootstrap.min.css.map HTTP/1.1" 304 - 3.859 ms
::1 - - [Mon, 23 Jul 2018 15:41:17 GMT] "GET /api/element/list/victortest HTTP/1.1" 304 - 8.461 ms
::1 - - [Mon, 23 Jul 2018 15:41:17 GMT] "GET /api/user/join-date/victortest HTTP/1.1" 200 826 20.212 ms
::1 - - [Mon, 23 Jul 2018 15:41:18 GMT] "GET /favicon.ico HTTP/1.1" 304 - 4.518 ms
::1 - - [Mon, 23 Jul 2018 15:41:18 GMT] "GET /favicon.ico HTTP/1.1" 304 - 3.501 ms
::1 - - [Mon, 23 Jul 2018 15:41:18 GMT] "GET /favicon.ico HTTP/1.1" 304 - 4.136 ms
::1 - - [Mon, 23 Jul 2018 15:41:21 GMT] "GET /favicon.ico HTTP/1.1" 304 - 5.149 ms
::1 - - [Mon, 23 Jul 2018 15:41:21 GMT] "POST /logout HTTP/1.1" 200 0 1.394 ms
::1 - - [Mon, 23 Jul 2018 15:41:21 GMT] "GET /login HTTP/1.1" 200 - 6.454 ms
::1 - - [Mon, 23 Jul 2018 15:41:24 GMT] "GET /css/bootstrap.min.css.map HTTP/1.1" 304 - 5.274 ms
::1 - - [Mon, 23 Jul 2018 15:41:24 GMT] "GET /favicon.ico HTTP/1.1" 304 - 0.877 ms
::1 - - [Mon, 23 Jul 2018 15:41:27 GMT] "GET /favicon.ico HTTP/1.1" 304 - 0.596 ms
::1 - - [Mon, 23 Jul 2018 15:41:53 GMT] "POST /register HTTP/1.1" 400 33 7.783 ms
::1 - - [Mon, 23 Jul 2018 15:49:31 GMT] "GET /login HTTP/1.1" 200 - 9.645 ms
::1 - - [Mon, 23 Jul 2018 15:49:32 GMT] "GET /css/bootstrap.min.css.map HTTP/1.1" 200 - 4.706 ms
::1 - - [Mon, 23 Jul 2018 15:49:35 GMT] "GET /favicon.ico HTTP/1.1" 200 - 1.121 ms
::1 - - [Mon, 23 Jul 2018 15:52:23 GMT] "GET /login HTTP/1.1" 200 - 12.811 ms
::1 - - [Mon, 23 Jul 2018 15:52:24 GMT] "GET /css/bootstrap.min.css.map HTTP/1.1" 200 - 4.258 ms
::1 - - [Mon, 23 Jul 2018 15:52:27 GMT] "GET /favicon.ico HTTP/1.1" 200 - 0.807 ms
::1 - - [Mon, 23 Jul 2018 15:53:18 GMT] "GET /login HTTP/1.1" 304 - 6.706 ms
::1 - - [Mon, 23 Jul 2018 15:53:19 GMT] "GET /favicon.ico HTTP/1.1" 200 - 1.956 ms
::1 - - [Mon, 23 Jul 2018 15:53:33 GMT] "POST /register HTTP/1.1" 400 22 8.490 ms
::1 - - [Mon, 23 Jul 2018 15:53:39 GMT] "POST /register HTTP/1.1" 200 248 930.782 ms
::1 - - [Mon, 23 Jul 2018 15:54:17 GMT] "POST /api/newsfeed/list HTTP/1.1" 200 - 23.929 ms
::1 - - [Mon, 23 Jul 2018 15:54:18 GMT] "GET /favicon.ico HTTP/1.1" 304 - 16.765 ms
::1 - - [Mon, 23 Jul 2018 15:54:19 GMT] "GET /stage/vicwutest HTTP/1.1" 200 - 5.887 ms
::1 - - [Mon, 23 Jul 2018 15:54:20 GMT] "GET /api/user/join-date/vicwutest HTTP/1.1" 200 814 19.604 ms
::1 - - [Mon, 23 Jul 2018 15:54:20 GMT] "GET /api/element/list/vicwutest HTTP/1.1" 200 297 22.848 ms
::1 - - [Mon, 23 Jul 2018 15:54:20 GMT] "GET /favicon.ico HTTP/1.1" 304 - 9.062 ms
::1 - - [Mon, 23 Jul 2018 15:54:44 GMT] "GET /css/bootstrap.min.css.map HTTP/1.1" 304 - 4.903 ms
::1 - - [Mon, 23 Jul 2018 15:54:52 GMT] "GET /stage/vicwutest HTTP/1.1" 304 - 5.590 ms
::1 - - [Mon, 23 Jul 2018 15:54:53 GMT] "GET /api/user/join-date/vicwutest HTTP/1.1" 304 - 13.532 ms
::1 - - [Mon, 23 Jul 2018 15:54:53 GMT] "GET /api/element/list/vicwutest HTTP/1.1" 304 - 16.354 ms
::1 - - [Mon, 23 Jul 2018 15:54:54 GMT] "GET /css/bootstrap.min.css.map HTTP/1.1" 304 - 6.741 ms
::1 - - [Mon, 23 Jul 2018 15:54:55 GMT] "GET /favicon.ico HTTP/1.1" 304 - 7.907 ms
::1 - - [Mon, 23 Jul 2018 15:56:33 GMT] "GET /favicon.ico HTTP/1.1" 304 - 4.592 ms
::1 - - [Mon, 23 Jul 2018 15:56:38 GMT] "POST /logout HTTP/1.1" 200 0 3.172 ms
::1 - - [Mon, 23 Jul 2018 15:56:38 GMT] "GET /login HTTP/1.1" 304 - 1.319 ms
::1 - - [Mon, 23 Jul 2018 15:56:40 GMT] "GET /css/bootstrap.min.css.map HTTP/1.1" 304 - 1.168 ms
::1 - - [Mon, 23 Jul 2018 15:56:42 GMT] "GET /favicon.ico HTTP/1.1" 304 - 0.754 ms
::1 - - [Mon, 23 Jul 2018 15:56:43 GMT] "GET /favicon.ico HTTP/1.1" 304 - 0.496 ms
::1 - - [Mon, 23 Jul 2018 15:56:49 GMT] "POST /login HTTP/1.1" 200 248 960.975 ms
::1 - - [Mon, 23 Jul 2018 15:56:49 GMT] "GET /stage/vicwutest HTTP/1.1" 304 - 7.172 ms
::1 - - [Mon, 23 Jul 2018 15:56:50 GMT] "GET /api/user/join-date/vicwutest HTTP/1.1" 304 - 10.069 ms
::1 - - [Mon, 23 Jul 2018 15:56:50 GMT] "GET /api/element/list/vicwutest HTTP/1.1" 304 - 21.544 ms
::1 - - [Mon, 23 Jul 2018 15:56:51 GMT] "GET /css/bootstrap.min.css.map HTTP/1.1" 304 - 4.807 ms
::1 - - [Mon, 23 Jul 2018 15:56:52 GMT] "GET /favicon.ico HTTP/1.1" 304 - 14.190 ms
::1 - - [Mon, 23 Jul 2018 15:56:52 GMT] "GET /favicon.ico HTTP/1.1" 304 - 5.190 ms
::1 - - [Mon, 23 Jul 2018 15:56:52 GMT] "GET /favicon.ico HTTP/1.1" 304 - 3.325 ms
::1 - - [Mon, 23 Jul 2018 16:00:50 GMT] "GET /stage/vicwutest HTTP/1.1" 200 - 29.491 ms
::1 - - [Mon, 23 Jul 2018 16:00:51 GMT] "GET /css/bootstrap.min.css.map HTTP/1.1" 200 - 6.275 ms
::1 - - [Mon, 23 Jul 2018 16:00:51 GMT] "GET /api/user/join-date/vicwutest HTTP/1.1" 200 814 17.598 ms
::1 - - [Mon, 23 Jul 2018 16:00:51 GMT] "GET /api/element/list/vicwutest HTTP/1.1" 304 - 15.450 ms
::1 - - [Mon, 23 Jul 2018 16:00:52 GMT] "POST /api/user/update-profile-position HTTP/1.1" 200 20 8.186 ms
::1 - - [Mon, 23 Jul 2018 16:00:53 GMT] "GET /favicon.ico HTTP/1.1" 200 - 6.164 ms
::1 - - [Mon, 23 Jul 2018 16:01:06 GMT] "POST /api/user/notifications/list HTTP/1.1" 200 39 6.460 ms
::1 - - [Mon, 23 Jul 2018 16:01:06 GMT] "GET /favicon.ico HTTP/1.1" 304 - 4.683 ms
::1 - - [Mon, 23 Jul 2018 16:01:07 GMT] "GET /favicon.ico HTTP/1.1" 304 - 3.593 ms
::1 - - [Mon, 23 Jul 2018 16:01:10 GMT] "GET /home HTTP/1.1" 200 - 6.279 ms
::1 - - [Mon, 23 Jul 2018 16:01:11 GMT] "POST /api/newsfeed/list HTTP/1.1" 200 - 22.727 ms
::1 - - [Mon, 23 Jul 2018 16:01:12 GMT] "GET /favicon.ico HTTP/1.1" 304 - 18.859 ms
::1 - - [Mon, 23 Jul 2018 16:01:13 GMT] "GET /stage/vicwutest HTTP/1.1" 304 - 6.367 ms
::1 - - [Mon, 23 Jul 2018 16:01:13 GMT] "GET /api/element/list/vicwutest HTTP/1.1" 304 - 24.276 ms
::1 - - [Mon, 23 Jul 2018 16:01:13 GMT] "GET /api/user/join-date/vicwutest HTTP/1.1" 200 849 36.993 ms
::1 - - [Mon, 23 Jul 2018 16:01:14 GMT] "GET /favicon.ico HTTP/1.1" 304 - 3.378 ms
::1 - - [Mon, 23 Jul 2018 16:01:15 GMT] "GET /home HTTP/1.1" 304 - 3.907 ms
::1 - - [Mon, 23 Jul 2018 16:01:15 GMT] "POST /api/newsfeed/list HTTP/1.1" 200 - 17.857 ms
::1 - - [Mon, 23 Jul 2018 16:01:16 GMT] "GET /favicon.ico HTTP/1.1" 304 - 3.482 ms
::1 - - [Mon, 23 Jul 2018 16:01:16 GMT] "GET /stage/vicwutest HTTP/1.1" 304 - 4.564 ms
::1 - - [Mon, 23 Jul 2018 16:01:17 GMT] "GET /api/user/join-date/vicwutest HTTP/1.1" 304 - 14.591 ms
::1 - - [Mon, 23 Jul 2018 16:01:17 GMT] "GET /api/element/list/vicwutest HTTP/1.1" 304 - 15.840 ms
::1 - - [Mon, 23 Jul 2018 16:01:17 GMT] "GET /favicon.ico HTTP/1.1" 304 - 4.136 ms
::1 - - [Mon, 23 Jul 2018 16:01:17 GMT] "POST /api/user/notifications/list HTTP/1.1" 200 39 3.511 ms
::1 - - [Mon, 23 Jul 2018 16:01:17 GMT] "GET /favicon.ico HTTP/1.1" 304 - 3.862 ms
::1 - - [Mon, 23 Jul 2018 16:01:18 GMT] "GET /stage/vicwutest HTTP/1.1" 304 - 6.360 ms
::1 - - [Mon, 23 Jul 2018 16:01:18 GMT] "GET /api/user/join-date/vicwutest HTTP/1.1" 304 - 9.394 ms
::1 - - [Mon, 23 Jul 2018 16:01:18 GMT] "GET /api/element/list/vicwutest HTTP/1.1" 304 - 9.258 ms
::1 - - [Mon, 23 Jul 2018 16:01:19 GMT] "GET /favicon.ico HTTP/1.1" 304 - 4.143 ms
::1 - - [Mon, 23 Jul 2018 16:01:20 GMT] "POST /api/user/notifications/list HTTP/1.1" 200 39 9.726 ms
::1 - - [Mon, 23 Jul 2018 16:01:20 GMT] "GET /favicon.ico HTTP/1.1" 304 - 4.504 ms
::1 - - [Mon, 23 Jul 2018 16:01:23 GMT] "GET /favicon.ico HTTP/1.1" 304 - 2.945 ms
::1 - - [Mon, 23 Jul 2018 16:01:24 GMT] "POST /api/user/notifications/list HTTP/1.1" 200 39 19.629 ms
::1 - - [Mon, 23 Jul 2018 16:01:24 GMT] "GET /favicon.ico HTTP/1.1" 304 - 2.518 ms
::1 - - [Mon, 23 Jul 2018 16:01:25 GMT] "GET /favicon.ico HTTP/1.1" 304 - 5.016 ms
::1 - - [Mon, 23 Jul 2018 16:01:30 GMT] "POST /api/search/username HTTP/1.1" 200 - 20.718 ms
::1 - - [Mon, 23 Jul 2018 16:01:31 GMT] "GET /stage/vicwutest HTTP/1.1" 304 - 3.661 ms
::1 - - [Mon, 23 Jul 2018 16:01:32 GMT] "GET /api/user/join-date/vicwutest HTTP/1.1" 304 - 7.978 ms
::1 - - [Mon, 23 Jul 2018 16:01:32 GMT] "GET /api/element/list/vicwutest HTTP/1.1" 304 - 7.485 ms
::1 - - [Mon, 23 Jul 2018 16:01:32 GMT] "GET /favicon.ico HTTP/1.1" 304 - 5.725 ms
::1 - - [Mon, 23 Jul 2018 16:01:37 GMT] "POST /api/search/username HTTP/1.1" 200 - 5.354 ms
::1 - - [Mon, 23 Jul 2018 16:01:39 GMT] "GET /stage/victestss HTTP/1.1" 200 - 5.543 ms
::1 - - [Mon, 23 Jul 2018 16:01:39 GMT] "GET /api/user/join-date/victestss HTTP/1.1" 200 839 11.634 ms
::1 - - [Mon, 23 Jul 2018 16:01:39 GMT] "GET /api/element/list/victestss HTTP/1.1" 200 - 15.122 ms
::1 - - [Mon, 23 Jul 2018 16:01:39 GMT] "POST /api/user/update-profile-position HTTP/1.1" 200 20 6.077 ms
::1 - - [Mon, 23 Jul 2018 16:01:39 GMT] "POST /api/user/check-permission HTTP/1.1" 200 42 6.072 ms
::1 - - [Mon, 23 Jul 2018 16:01:39 GMT] "GET /api/user/join-date/vicwutest HTTP/1.1" 200 850 10.307 ms
::1 - - [Mon, 23 Jul 2018 16:01:40 GMT] "GET /favicon.ico HTTP/1.1" 304 - 6.344 ms
::1 - - [Mon, 23 Jul 2018 16:01:41 GMT] "POST /api/user/follow-detail HTTP/1.1" 200 63 4.523 ms
::1 - - [Mon, 23 Jul 2018 16:01:44 GMT] "POST /api/user/follow HTTP/1.1" 200 62 15.185 ms
::1 - - [Mon, 23 Jul 2018 16:01:50 GMT] "GET /home HTTP/1.1" 304 - 5.144 ms
::1 - - [Mon, 23 Jul 2018 16:01:50 GMT] "POST /api/newsfeed/list HTTP/1.1" 200 - 16.790 ms
::1 - - [Mon, 23 Jul 2018 16:01:51 GMT] "GET /favicon.ico HTTP/1.1" 304 - 14.801 ms
::1 - - [Mon, 23 Jul 2018 16:03:26 GMT] "GET /stage/vicwutest HTTP/1.1" 304 - 4.903 ms
::1 - - [Mon, 23 Jul 2018 16:03:27 GMT] "GET /api/user/join-date/vicwutest HTTP/1.1" 304 - 8.994 ms
::1 - - [Mon, 23 Jul 2018 16:03:27 GMT] "GET /api/element/list/vicwutest HTTP/1.1" 304 - 8.016 ms
::1 - - [Mon, 23 Jul 2018 16:03:28 GMT] "GET /favicon.ico HTTP/1.1" 304 - 3.887 ms
::1 - - [Mon, 23 Jul 2018 16:10:02 GMT] "GET /stage/vicwutest HTTP/1.1" 304 - 3.595 ms
::1 - - [Mon, 23 Jul 2018 16:10:03 GMT] "GET /api/user/join-date/vicwutest HTTP/1.1" 200 850 11.738 ms
::1 - - [Mon, 23 Jul 2018 16:10:03 GMT] "GET /api/element/list/vicwutest HTTP/1.1" 304 - 10.622 ms
::1 - - [Mon, 23 Jul 2018 16:10:04 GMT] "GET /favicon.ico HTTP/1.1" 200 - 6.870 ms
::1 - - [Mon, 23 Jul 2018 16:14:37 GMT] "GET /stage/vicwutest HTTP/1.1" 200 - 15.087 ms
::1 - - [Mon, 23 Jul 2018 16:14:38 GMT] "GET /api/user/join-date/vicwutest HTTP/1.1" 304 - 25.546 ms
::1 - - [Mon, 23 Jul 2018 16:14:38 GMT] "GET /api/element/list/vicwutest HTTP/1.1" 304 - 23.700 ms
::1 - - [Mon, 23 Jul 2018 16:14:41 GMT] "POST /logout HTTP/1.1" 200 0 3.327 ms
::1 - - [Mon, 23 Jul 2018 16:14:41 GMT] "GET /login HTTP/1.1" 200 - 3.669 ms
::1 - - [Mon, 23 Jul 2018 16:14:58 GMT] "POST /register HTTP/1.1" 400 22 11.057 ms
::1 - - [Mon, 23 Jul 2018 16:15:02 GMT] "POST /register HTTP/1.1" 200 242 1091.397 ms
::1 - - [Mon, 23 Jul 2018 16:15:07 GMT] "POST /api/newsfeed/list HTTP/1.1" 200 - 22.378 ms
::1 - - [Mon, 23 Jul 2018 16:15:11 GMT] "GET /stage/vicwu1 HTTP/1.1" 200 - 11.512 ms
::1 - - [Mon, 23 Jul 2018 16:15:12 GMT] "GET /api/element/list/vicwu1 HTTP/1.1" 200 291 13.420 ms
::1 - - [Mon, 23 Jul 2018 16:15:12 GMT] "GET /api/user/join-date/vicwu1 HTTP/1.1" 200 868 31.232 ms
::1 - - [Mon, 23 Jul 2018 16:15:12 GMT] "POST /api/user/update-profile-position HTTP/1.1" 200 20 6.393 ms
::1 - - [Mon, 23 Jul 2018 16:15:21 GMT] "GET /api/element/list/vicwu1 HTTP/1.1" 304 - 7.193 ms
::1 - - [Mon, 23 Jul 2018 16:25:52 GMT] "POST /api/upload HTTP/1.1" 200 113 29.069 ms
::1 - - [Mon, 23 Jul 2018 16:25:52 GMT] "POST /api/element/image/save HTTP/1.1" 200 347 49.958 ms
::1 - - [Mon, 23 Jul 2018 16:26:21 GMT] "GET /api/element/list/vicwu1 HTTP/1.1" 200 - 78.979 ms
::1 - - [Mon, 23 Jul 2018 16:26:24 GMT] "GET /css/bootstrap.min.css.map HTTP/1.1" 200 - 18.431 ms
::1 - - [Mon, 23 Jul 2018 16:48:47 GMT] "POST /api/newsfeed/list HTTP/1.1" 200 - 35.443 ms
::1 - - [Mon, 23 Jul 2018 16:48:52 GMT] "GET /stage/vicwu1 HTTP/1.1" 200 - 12.056 ms
::1 - - [Mon, 23 Jul 2018 16:48:53 GMT] "GET /api/user/join-date/vicwu1 HTTP/1.1" 200 904 13.918 ms
::1 - - [Mon, 23 Jul 2018 16:48:53 GMT] "GET /api/element/list/vicwu1 HTTP/1.1" 200 - 18.329 ms
::1 - - [Mon, 23 Jul 2018 16:49:11 GMT] "GET /home HTTP/1.1" 200 - 14.855 ms
::1 - - [Mon, 23 Jul 2018 16:49:12 GMT] "POST /api/newsfeed/list HTTP/1.1" 200 - 27.308 ms
::1 - - [Mon, 23 Jul 2018 16:49:15 GMT] "GET /stage/vicwu1 HTTP/1.1" 304 - 5.219 ms
::1 - - [Mon, 23 Jul 2018 16:49:15 GMT] "GET /api/user/join-date/vicwu1 HTTP/1.1" 304 - 12.145 ms
::1 - - [Mon, 23 Jul 2018 16:49:15 GMT] "GET /api/element/list/vicwu1 HTTP/1.1" 304 - 16.604 ms
::1 - - [Mon, 23 Jul 2018 16:49:20 GMT] "GET /css/bootstrap.min.css.map HTTP/1.1" 200 - 22.410 ms
::1 - - [Mon, 23 Jul 2018 16:58:07 GMT] "GET /stage/vicwu1 HTTP/1.1" 200 - 19.155 ms
::1 - - [Mon, 23 Jul 2018 16:58:07 GMT] "GET /css/bootstrap.min.css.map HTTP/1.1" 200 - 7.371 ms
::1 - - [Mon, 23 Jul 2018 16:58:08 GMT] "GET /api/user/join-date/vicwu1 HTTP/1.1" 200 904 13.234 ms
::1 - - [Mon, 23 Jul 2018 16:58:08 GMT] "GET /api/element/list/vicwu1 HTTP/1.1" 200 - 29.333 ms
::1 - - [Mon, 23 Jul 2018 16:58:13 GMT] "POST /api/element/delete HTTP/1.1" 200 20 18.466 ms
::1 - - [Mon, 23 Jul 2018 16:58:16 GMT] "GET /home HTTP/1.1" 200 - 11.035 ms
::1 - - [Mon, 23 Jul 2018 16:58:17 GMT] "POST /api/newsfeed/list HTTP/1.1" 200 - 20.146 ms
::1 - - [Mon, 23 Jul 2018 16:58:20 GMT] "POST /logout HTTP/1.1" 200 0 2.138 ms
::1 - - [Mon, 23 Jul 2018 16:58:20 GMT] "GET /login HTTP/1.1" 200 - 2.935 ms
::1 - - [Mon, 23 Jul 2018 17:01:21 GMT] "POST /api/newsfeed/list HTTP/1.1" 401 25 1.838 ms
::1 - - [Mon, 23 Jul 2018 17:01:22 GMT] "GET /login HTTP/1.1" 200 - 5.425 ms
::1 - - [Tue, 24 Jul 2018 14:07:27 GMT] "GET /login HTTP/1.1" 200 - 6.058 ms
::1 - - [Tue, 24 Jul 2018 14:07:50 GMT] "GET /stage/vicwu HTTP/1.1" 200 - 2.761 ms
::1 - - [Tue, 24 Jul 2018 14:13:16 GMT] "GET /about HTTP/1.1" 200 - 7.025 ms
::1 - - [Tue, 24 Jul 2018 14:13:32 GMT] "GET /css/bootstrap.min.css.map HTTP/1.1" 200 - 2.424 ms
::1 - - [Tue, 24 Jul 2018 14:13:48 GMT] "GET /css/bootstrap.min.css.map HTTP/1.1" 304 - 1.658 ms
::1 - - [Tue, 24 Jul 2018 14:20:39 GMT] "GET /about HTTP/1.1" 200 - 16.816 ms
::1 - - [Tue, 24 Jul 2018 14:21:01 GMT] "GET /css/bootstrap.min.css.map HTTP/1.1" 200 - 2.343 ms
::1 - - [Tue, 24 Jul 2018 14:21:24 GMT] "GET /css/bootstrap.min.css.map HTTP/1.1" 304 - 1.011 ms
::1 - - [Tue, 24 Jul 2018 14:22:06 GMT] "GET /about HTTP/1.1" 304 - 0.805 ms
::1 - - [Tue, 24 Jul 2018 14:23:07 GMT] "GET /about HTTP/1.1" 200 - 13.420 ms
::1 - - [Tue, 24 Jul 2018 14:23:08 GMT] "GET /css/bootstrap.min.css.map HTTP/1.1" 200 - 1.901 ms
::1 - - [Tue, 24 Jul 2018 14:23:10 GMT] "GET /about HTTP/1.1" 304 - 1.578 ms
::1 - - [Tue, 24 Jul 2018 14:23:11 GMT] "GET /css/bootstrap.min.css.map HTTP/1.1" 304 - 1.651 ms
::1 - - [Tue, 24 Jul 2018 14:44:52 GMT] "GET /about HTTP/1.1" 200 - 16.576 ms
::1 - - [Tue, 24 Jul 2018 14:44:53 GMT] "GET /css/bootstrap.min.css.map HTTP/1.1" 200 - 1.220 ms
::1 - - [Tue, 24 Jul 2018 14:49:58 GMT] "GET /css/bootstrap.min.css.map HTTP/1.1" 304 - 3.021 ms
::1 - - [Tue, 24 Jul 2018 14:55:36 GMT] "GET /about HTTP/1.1" 200 - 18.641 ms
::1 - - [Tue, 24 Jul 2018 14:55:36 GMT] "GET /css/bootstrap.min.css.map HTTP/1.1" 200 - 3.727 ms
::1 - - [Tue, 24 Jul 2018 15:00:41 GMT] "GET /about HTTP/1.1" 200 - 18.170 ms
::1 - - [Tue, 24 Jul 2018 15:00:42 GMT] "GET /css/bootstrap.min.css.map HTTP/1.1" 200 - 1.466 ms
::1 - - [Tue, 24 Jul 2018 15:04:49 GMT] "GET /about HTTP/1.1" 200 - 17.064 ms
::1 - - [Tue, 24 Jul 2018 15:05:05 GMT] "GET /css/bootstrap.min.css.map HTTP/1.1" 200 - 2.940 ms
::1 - - [Tue, 24 Jul 2018 15:07:18 GMT] "GET /about HTTP/1.1" 200 - 10.281 ms
::1 - - [Tue, 24 Jul 2018 15:12:01 GMT] "GET /about HTTP/1.1" 200 - 10.634 ms
::1 - - [Tue, 24 Jul 2018 15:14:09 GMT] "GET /about HTTP/1.1" 200 - 14.108 ms
::1 - - [Tue, 24 Jul 2018 15:15:45 GMT] "GET /about HTTP/1.1" 200 - 10.808 ms
::1 - - [Tue, 24 Jul 2018 15:15:46 GMT] "GET /css/bootstrap.min.css.map HTTP/1.1" 200 - 1.970 ms
::1 - - [Tue, 24 Jul 2018 15:17:43 GMT] "GET /about HTTP/1.1" 200 - 11.958 ms
::1 - - [Tue, 24 Jul 2018 15:18:04 GMT] "GET /css/bootstrap.min.css.map HTTP/1.1" 200 - 8.022 ms
::1 - - [Tue, 24 Jul 2018 15:19:22 GMT] "GET /about HTTP/1.1" 200 - 12.880 ms
::1 - - [Tue, 24 Jul 2018 15:25:20 GMT] "GET /about HTTP/1.1" 304 - 2.402 ms
::1 - - [Tue, 24 Jul 2018 15:27:06 GMT] "GET /about HTTP/1.1" 200 - 15.138 ms
::1 - - [Tue, 24 Jul 2018 15:27:12 GMT] "GET /css/bootstrap.min.css.map HTTP/1.1" 200 - 4.244 ms
::1 - - [Tue, 24 Jul 2018 15:30:14 GMT] "GET /about HTTP/1.1" 200 - 20.367 ms
::1 - - [Tue, 24 Jul 2018 15:30:18 GMT] "GET /css/bootstrap.min.css.map HTTP/1.1" 200 - 3.838 ms
::1 - - [Tue, 24 Jul 2018 15:35:05 GMT] "GET /about HTTP/1.1" 200 - 15.367 ms
::1 - - [Tue, 24 Jul 2018 15:35:07 GMT] "GET /css/bootstrap.min.css.map HTTP/1.1" 200 - 3.853 ms
::1 - - [Tue, 24 Jul 2018 15:35:12 GMT] "GET /css/bootstrap.min.css.map HTTP/1.1" 304 - 0.618 ms
::1 - - [Tue, 24 Jul 2018 15:38:24 GMT] "GET /about HTTP/1.1" 200 - 17.244 ms
::1 - - [Tue, 24 Jul 2018 15:38:25 GMT] "GET /css/bootstrap.min.css.map HTTP/1.1" 200 - 2.446 ms
::1 - - [Tue, 24 Jul 2018 15:41:38 GMT] "GET /about HTTP/1.1" 200 - 17.178 ms
::1 - - [Tue, 24 Jul 2018 15:41:40 GMT] "GET /css/bootstrap.min.css.map HTTP/1.1" 200 - 1.663 ms
::1 - - [Tue, 24 Jul 2018 15:58:55 GMT] "GET /about HTTP/1.1" 200 - 15.111 ms
::1 - - [Tue, 24 Jul 2018 15:58:56 GMT] "GET /css/bootstrap.min.css.map HTTP/1.1" 200 - 7.712 ms
::1 - - [Tue, 24 Jul 2018 15:59:04 GMT] "GET /css/bootstrap.min.css.map HTTP/1.1" 304 - 1.700 ms
::1 - - [Tue, 24 Jul 2018 16:01:03 GMT] "GET /about HTTP/1.1" 200 - 15.927 ms
::1 - - [Tue, 24 Jul 2018 16:01:04 GMT] "GET /css/bootstrap.min.css.map HTTP/1.1" 200 - 1.540 ms
::1 - - [Tue, 24 Jul 2018 16:03:21 GMT] "GET /about HTTP/1.1" 200 - 18.390 ms
::1 - - [Tue, 24 Jul 2018 16:03:22 GMT] "GET /css/bootstrap.min.css.map HTTP/1.1" 200 - 1.889 ms
::1 - - [Tue, 24 Jul 2018 16:05:09 GMT] "GET /favicon.ico HTTP/1.1" 200 - 7.987 ms
::1 - - [Tue, 24 Jul 2018 16:05:11 GMT] "GET /about HTTP/1.1" 200 - 1.312 ms
::1 - - [Tue, 24 Jul 2018 16:05:15 GMT] "POST /api/newsfeed/list HTTP/1.1" 401 25 1.170 ms
::1 - - [Tue, 24 Jul 2018 16:05:16 GMT] "GET /login HTTP/1.1" 200 - 2.059 ms
::1 - - [Tue, 24 Jul 2018 16:06:58 GMT] "GET /login HTTP/1.1" 200 - 9.977 ms
::1 - - [Tue, 24 Jul 2018 16:06:59 GMT] "GET /css/bootstrap.min.css.map HTTP/1.1" 200 - 1.795 ms
::1 - - [Tue, 24 Jul 2018 16:07:09 GMT] "GET /about HTTP/1.1" 200 - 2.902 ms
::1 - - [Tue, 24 Jul 2018 16:07:30 GMT] "GET /css/bootstrap.min.css.map HTTP/1.1" 304 - 0.829 ms
::1 - - [Tue, 24 Jul 2018 16:08:48 GMT] "GET /about HTTP/1.1" 200 - 17.338 ms
::1 - - [Tue, 24 Jul 2018 16:08:49 GMT] "GET /css/bootstrap.min.css.map HTTP/1.1" 200 - 2.141 ms
::1 - - [Tue, 24 Jul 2018 16:09:59 GMT] "GET /about HTTP/1.1" 200 - 12.960 ms
::1 - - [Tue, 24 Jul 2018 16:10:00 GMT] "GET /css/bootstrap.min.css.map HTTP/1.1" 200 - 1.477 ms
::1 - - [Tue, 24 Jul 2018 16:10:13 GMT] "POST /api/newsfeed/list HTTP/1.1" 401 25 2.391 ms
::1 - - [Tue, 24 Jul 2018 16:10:14 GMT] "GET /login HTTP/1.1" 200 - 3.348 ms
::1 - - [Tue, 24 Jul 2018 16:10:27 GMT] "GET /css/bootstrap.min.css.map HTTP/1.1" 304 - 1.059 ms
::1 - - [Tue, 24 Jul 2018 16:10:48 GMT] "GET /about HTTP/1.1" 304 - 0.592 ms
::1 - - [Tue, 24 Jul 2018 16:10:49 GMT] "GET /css/bootstrap.min.css.map HTTP/1.1" 304 - 0.706 ms
::1 - - [Tue, 24 Jul 2018 16:15:29 GMT] "GET /about HTTP/1.1" 200 - 10.301 ms
::1 - - [Tue, 24 Jul 2018 16:15:30 GMT] "GET /css/bootstrap.min.css.map HTTP/1.1" 200 - 2.291 ms
::1 - - [Tue, 24 Jul 2018 16:15:37 GMT] "POST /api/newsfeed/list HTTP/1.1" 401 25 2.208 ms
::1 - - [Tue, 24 Jul 2018 16:15:38 GMT] "GET /login HTTP/1.1" 200 - 1.539 ms
::1 - - [Tue, 24 Jul 2018 16:15:51 GMT] "GET /css/bootstrap.min.css.map HTTP/1.1" 304 - 0.859 ms
::1 - - [Tue, 24 Jul 2018 16:17:50 GMT] "GET /about HTTP/1.1" 304 - 0.872 ms
::1 - - [Tue, 24 Jul 2018 16:17:51 GMT] "GET /css/bootstrap.min.css.map HTTP/1.1" 304 - 0.712 ms
::1 - - [Tue, 24 Jul 2018 16:17:56 GMT] "POST /api/newsfeed/list HTTP/1.1" 401 25 0.670 ms
::1 - - [Tue, 24 Jul 2018 16:17:57 GMT] "GET /login HTTP/1.1" 304 - 0.787 ms
::1 - - [Tue, 24 Jul 2018 16:17:59 GMT] "GET /css/bootstrap.min.css.map HTTP/1.1" 304 - 0.711 ms
::1 - - [Tue, 24 Jul 2018 16:26:25 GMT] "GET /login HTTP/1.1" 200 - 20.267 ms
::1 - - [Tue, 24 Jul 2018 16:26:36 GMT] "GET /login HTTP/1.1" 304 - 1.731 ms
::1 - - [Tue, 24 Jul 2018 16:27:06 GMT] "GET /css/bootstrap.min.css.map HTTP/1.1" 200 - 4.779 ms
::1 - - [Tue, 24 Jul 2018 16:31:44 GMT] "GET /login HTTP/1.1" 200 - 9.493 ms
::1 - - [Tue, 24 Jul 2018 16:31:45 GMT] "GET /css/bootstrap.min.css.map HTTP/1.1" 200 - 1.291 ms
::1 - - [Tue, 24 Jul 2018 16:34:34 GMT] "GET /login HTTP/1.1" 200 - 9.285 ms
::1 - - [Tue, 24 Jul 2018 16:34:35 GMT] "GET /css/bootstrap.min.css.map HTTP/1.1" 200 - 1.930 ms
::1 - - [Tue, 24 Jul 2018 16:34:46 GMT] "GET /about HTTP/1.1" 200 - 1.855 ms
::1 - - [Tue, 24 Jul 2018 16:34:48 GMT] "GET /css/bootstrap.min.css.map HTTP/1.1" 304 - 2.540 ms
::1 - - [Tue, 24 Jul 2018 16:41:04 GMT] "GET /about HTTP/1.1" 200 - 8.384 ms
::1 - - [Tue, 24 Jul 2018 16:41:05 GMT] "GET /css/bootstrap.min.css.map HTTP/1.1" 200 - 2.096 ms
::1 - - [Tue, 24 Jul 2018 16:44:40 GMT] "GET /about HTTP/1.1" 200 - 16.039 ms
::1 - - [Tue, 24 Jul 2018 16:44:41 GMT] "GET /css/bootstrap.min.css.map HTTP/1.1" 200 - 1.910 ms
::1 - - [Tue, 24 Jul 2018 16:48:38 GMT] "GET /about HTTP/1.1" 200 - 11.215 ms
::1 - - [Tue, 24 Jul 2018 16:48:40 GMT] "GET /css/bootstrap.min.css.map HTTP/1.1" 200 - 5.844 ms
::1 - - [Tue, 24 Jul 2018 16:48:47 GMT] "POST /api/newsfeed/list HTTP/1.1" 401 25 2.092 ms
::1 - - [Tue, 24 Jul 2018 16:48:48 GMT] "GET /login HTTP/1.1" 200 - 1.846 ms
::1 - - [Tue, 24 Jul 2018 16:50:20 GMT] "GET /about HTTP/1.1" 200 - 9.257 ms
::1 - - [Tue, 24 Jul 2018 16:50:25 GMT] "POST /api/newsfeed/list HTTP/1.1" 401 25 2.767 ms
::1 - - [Tue, 24 Jul 2018 16:50:26 GMT] "GET /login HTTP/1.1" 200 - 2.066 ms
::1 - - [Tue, 24 Jul 2018 16:51:32 GMT] "GET /login HTTP/1.1" 200 - 10.909 ms
::1 - - [Tue, 24 Jul 2018 16:51:38 GMT] "GET /about HTTP/1.1" 200 - 2.344 ms
::1 - - [Tue, 24 Jul 2018 16:51:40 GMT] "POST /api/newsfeed/list HTTP/1.1" 401 25 1.774 ms
::1 - - [Tue, 24 Jul 2018 16:51:41 GMT] "GET /login HTTP/1.1" 304 - 3.346 ms
::1 - - [Tue, 24 Jul 2018 16:53:44 GMT] "GET /login HTTP/1.1" 200 - 13.932 ms
::1 - - [Tue, 24 Jul 2018 16:54:02 GMT] "GET /login HTTP/1.1" 304 - 1.521 ms
::1 - - [Tue, 24 Jul 2018 16:54:05 GMT] "GET /about HTTP/1.1" 200 - 1.224 ms
::1 - - [Tue, 24 Jul 2018 16:54:22 GMT] "GET /css/bootstrap.min.css.map HTTP/1.1" 200 - 1.485 ms
::1 - - [Tue, 24 Jul 2018 16:54:26 GMT] "POST /api/newsfeed/list HTTP/1.1" 401 25 2.816 ms
::1 - - [Tue, 24 Jul 2018 16:54:26 GMT] "POST /api/newsfeed/list HTTP/1.1" 401 25 0.598 ms
::1 - - [Tue, 24 Jul 2018 16:54:30 GMT] "GET /login HTTP/1.1" 304 - 1.026 ms
::1 - - [Tue, 24 Jul 2018 16:54:31 GMT] "GET /css/bootstrap.min.css.map HTTP/1.1" 304 - 0.885 ms
::1 - - [Tue, 24 Jul 2018 16:56:49 GMT] "GET /login HTTP/1.1" 200 - 17.658 ms
::1 - - [Tue, 24 Jul 2018 16:56:50 GMT] "GET /css/bootstrap.min.css.map HTTP/1.1" 200 - 1.852 ms
::1 - - [Tue, 24 Jul 2018 16:56:58 GMT] "GET /about HTTP/1.1" 200 - 1.131 ms
::1 - - [Tue, 24 Jul 2018 16:57:10 GMT] "GET /about HTTP/1.1" 304 - 0.720 ms
::1 - - [Tue, 24 Jul 2018 16:57:12 GMT] "POST /api/newsfeed/list HTTP/1.1" 401 25 1.937 ms
::1 - - [Tue, 24 Jul 2018 16:57:14 GMT] "GET /login HTTP/1.1" 304 - 0.767 ms
::1 - - [Tue, 24 Jul 2018 16:57:20 GMT] "POST /login HTTP/1.1" 403 24 104.284 ms
::1 - - [Tue, 24 Jul 2018 16:57:24 GMT] "GET /login HTTP/1.1" 304 - 0.628 ms
::1 - - [Tue, 24 Jul 2018 16:57:30 GMT] "POST /login HTTP/1.1" 403 24 118.520 ms
::1 - - [Tue, 24 Jul 2018 16:58:16 GMT] "POST /login HTTP/1.1" 403 24 145.003 ms
::1 - - [Tue, 24 Jul 2018 16:59:25 GMT] "GET /login HTTP/1.1" 200 - 13.700 ms
::1 - - [Tue, 24 Jul 2018 16:59:33 GMT] "POST /login HTTP/1.1" 403 24 103.336 ms
::1 - - [Tue, 24 Jul 2018 16:59:51 GMT] "POST /register HTTP/1.1" 200 245 1218.568 ms
::1 - - [Tue, 24 Jul 2018 17:00:05 GMT] "POST /api/newsfeed/list HTTP/1.1" 200 - 874.532 ms
::1 - - [Tue, 24 Jul 2018 17:00:15 GMT] "POST /api/newsfeed/list HTTP/1.1" 200 - 721.971 ms
::1 - - [Tue, 24 Jul 2018 17:00:19 GMT] "GET /login HTTP/1.1" 304 - 98.820 ms
::1 - - [Tue, 24 Jul 2018 17:00:35 GMT] "POST /login HTTP/1.1" 200 245 1154.029 ms
::1 - - [Tue, 24 Jul 2018 17:00:35 GMT] "GET /stage/vicwu2 HTTP/1.1" 200 - 90.647 ms
::1 - - [Tue, 24 Jul 2018 17:00:36 GMT] "GET /api/element/list/vicwu2 HTTP/1.1" 200 294 153.779 ms
::1 - - [Tue, 24 Jul 2018 17:00:36 GMT] "GET /api/user/join-date/vicwu2 HTTP/1.1" 200 874 170.780 ms
::1 - - [Tue, 24 Jul 2018 17:00:37 GMT] "POST /api/user/update-profile-position HTTP/1.1" 200 20 84.738 ms
::1 - - [Tue, 24 Jul 2018 17:00:42 GMT] "POST /api/element/text/save HTTP/1.1" 200 271 121.627 ms
::1 - - [Tue, 24 Jul 2018 17:01:15 GMT] "POST /api/element/text/update HTTP/1.1" 200 20 195.337 ms
::1 - - [Tue, 24 Jul 2018 17:01:22 GMT] "POST /api/element/text/save HTTP/1.1" 200 287 116.513 ms
::1 - - [Tue, 24 Jul 2018 17:01:24 GMT] "POST /api/element/text/update HTTP/1.1" 200 20 177.400 ms
::1 - - [Tue, 24 Jul 2018 17:01:26 GMT] "POST /api/element/text/update HTTP/1.1" 200 20 204.919 ms
::1 - - [Tue, 24 Jul 2018 17:01:27 GMT] "POST /api/element/text/update HTTP/1.1" 200 20 205.760 ms
::1 - - [Tue, 24 Jul 2018 17:01:39 GMT] "POST /api/element/text/update HTTP/1.1" 200 20 180.953 ms
::1 - - [Tue, 24 Jul 2018 17:01:40 GMT] "POST /api/element/text/update HTTP/1.1" 200 20 178.422 ms
::1 - - [Tue, 24 Jul 2018 17:01:42 GMT] "POST /api/element/text/update HTTP/1.1" 200 20 179.554 ms
::1 - - [Tue, 24 Jul 2018 17:01:48 GMT] "POST /api/element/text/save HTTP/1.1" 200 281 131.870 ms
::1 - - [Tue, 24 Jul 2018 17:01:51 GMT] "POST /api/element/text/update HTTP/1.1" 200 20 165.896 ms
::1 - - [Tue, 24 Jul 2018 17:01:53 GMT] "POST /api/element/text/update HTTP/1.1" 200 20 179.088 ms
::1 - - [Tue, 24 Jul 2018 17:01:56 GMT] "POST /api/element/text/update HTTP/1.1" 200 20 188.091 ms
::1 - - [Tue, 24 Jul 2018 17:01:58 GMT] "POST /api/element/text/update HTTP/1.1" 200 20 193.287 ms
::1 - - [Tue, 24 Jul 2018 17:02:03 GMT] "POST /api/element/text/update HTTP/1.1" 200 20 191.240 ms
::1 - - [Tue, 24 Jul 2018 17:07:44 GMT] "POST /logout HTTP/1.1" 200 0 27.473 ms
::1 - - [Tue, 24 Jul 2018 17:07:44 GMT] "GET /login HTTP/1.1" 200 - 2.698 ms
::1 - - [Tue, 24 Jul 2018 17:13:16 GMT] "GET /login HTTP/1.1" 200 - 13.046 ms
::1 - - [Tue, 24 Jul 2018 17:16:06 GMT] "GET /about HTTP/1.1" 200 - 3.657 ms
::1 - - [Tue, 24 Jul 2018 17:16:12 GMT] "POST /api/newsfeed/list HTTP/1.1" 401 25 1.982 ms
::1 - - [Tue, 24 Jul 2018 17:16:14 GMT] "GET /login HTTP/1.1" 304 - 2.377 ms
::1 - - [Tue, 24 Jul 2018 17:16:18 GMT] "GET /about HTTP/1.1" 304 - 0.732 ms
::1 - - [Tue, 24 Jul 2018 17:16:20 GMT] "POST /api/newsfeed/list HTTP/1.1" 401 25 1.174 ms
::1 - - [Tue, 24 Jul 2018 17:16:22 GMT] "GET /login HTTP/1.1" 304 - 0.575 ms
::1 - - [Tue, 24 Jul 2018 17:16:24 GMT] "GET /login HTTP/1.1" 304 - 0.753 ms
::1 - - [Tue, 24 Jul 2018 17:16:57 GMT] "GET /about HTTP/1.1" 304 - 0.678 ms
::1 - - [Tue, 24 Jul 2018 17:17:02 GMT] "GET /css/bootstrap.min.css.map HTTP/1.1" 200 - 1.997 ms
::1 - - [Tue, 24 Jul 2018 17:18:18 GMT] "POST /api/newsfeed/list HTTP/1.1" 401 25 2.149 ms
::1 - - [Tue, 24 Jul 2018 17:18:19 GMT] "GET /login HTTP/1.1" 304 - 2.054 ms
::1 - - [Tue, 24 Jul 2018 17:18:27 GMT] "GET /about HTTP/1.1" 304 - 0.541 ms
::1 - - [Tue, 24 Jul 2018 17:18:30 GMT] "POST /api/newsfeed/list HTTP/1.1" 401 25 0.424 ms
::1 - - [Tue, 24 Jul 2018 17:18:31 GMT] "GET /login HTTP/1.1" 304 - 0.678 ms
::1 - - [Tue, 24 Jul 2018 17:18:35 GMT] "GET /login HTTP/1.1" 304 - 1.041 ms
::1 - - [Tue, 24 Jul 2018 17:18:40 GMT] "GET /about HTTP/1.1" 304 - 0.998 ms
::1 - - [Tue, 24 Jul 2018 17:18:43 GMT] "GET /about HTTP/1.1" 304 - 3.013 ms
::1 - - [Tue, 24 Jul 2018 17:18:53 GMT] "GET /css/bootstrap.min.css.map HTTP/1.1" 304 - 0.651 ms
::1 - - [Tue, 24 Jul 2018 17:18:58 GMT] "GET /about HTTP/1.1" 304 - 0.810 ms
::1 - - [Tue, 24 Jul 2018 17:18:59 GMT] "GET /css/bootstrap.min.css.map HTTP/1.1" 304 - 1.633 ms
::1 - - [Tue, 24 Jul 2018 17:19:02 GMT] "GET /about HTTP/1.1" 304 - 0.774 ms
::1 - - [Tue, 24 Jul 2018 17:19:16 GMT] "GET /favicon.ico HTTP/1.1" 200 - 1.518 ms
::1 - - [Tue, 24 Jul 2018 17:19:26 GMT] "GET /about HTTP/1.1" 200 - 1.462 ms
::1 - - [Tue, 24 Jul 2018 17:19:26 GMT] "GET /favicon.ico HTTP/1.1" 200 - 1.073 ms
::1 - - [Tue, 24 Jul 2018 17:19:27 GMT] "GET /css/bootstrap.min.css.map HTTP/1.1" 200 - 3.075 ms
::1 - - [Tue, 24 Jul 2018 17:26:35 GMT] "GET /about HTTP/1.1" 200 - 15.713 ms
::1 - - [Tue, 24 Jul 2018 17:26:35 GMT] "GET /favicon.ico HTTP/1.1" 200 - 1.802 ms
::1 - - [Tue, 24 Jul 2018 17:26:35 GMT] "GET /css/bootstrap.min.css.map HTTP/1.1" 200 - 0.888 ms
::1 - - [Tue, 24 Jul 2018 17:26:44 GMT] "GET /about HTTP/1.1" 304 - 39.833 ms
::1 - - [Tue, 24 Jul 2018 17:26:47 GMT] "POST /api/newsfeed/list HTTP/1.1" 401 25 1.611 ms
::1 - - [Tue, 24 Jul 2018 17:26:49 GMT] "GET /login HTTP/1.1" 200 - 1.696 ms
::1 - - [Tue, 24 Jul 2018 17:26:52 GMT] "GET /about HTTP/1.1" 304 - 0.667 ms
::1 - - [Tue, 24 Jul 2018 17:26:55 GMT] "GET /about HTTP/1.1" 304 - 0.844 ms
::1 - - [Tue, 24 Jul 2018 17:37:28 GMT] "POST /api/newsfeed/list HTTP/1.1" 401 25 4.633 ms
::1 - - [Tue, 24 Jul 2018 17:37:30 GMT] "GET /login HTTP/1.1" 200 - 16.102 ms
::1 - - [Tue, 24 Jul 2018 17:37:40 GMT] "POST /login HTTP/1.1" 200 245 1464.801 ms
::1 - - [Tue, 24 Jul 2018 17:37:41 GMT] "GET /stage/vicwu2 HTTP/1.1" 200 - 101.822 ms
::1 - - [Tue, 24 Jul 2018 17:37:41 GMT] "GET /api/user/join-date/vicwu2 HTTP/1.1" 200 912 202.125 ms
::1 - - [Tue, 24 Jul 2018 17:37:42 GMT] "GET /api/element/list/vicwu2 HTTP/1.1" 200 - 573.438 ms
::1 - - [Tue, 24 Jul 2018 17:37:54 GMT] "GET /home HTTP/1.1" 200 - 92.189 ms
::1 - - [Tue, 24 Jul 2018 17:37:55 GMT] "POST /api/newsfeed/list HTTP/1.1" 200 - 577.467 ms
::1 - - [Tue, 24 Jul 2018 17:38:00 GMT] "GET /home HTTP/1.1" 304 - 94.009 ms
::1 - - [Tue, 24 Jul 2018 17:38:01 GMT] "POST /api/newsfeed/list HTTP/1.1" 200 - 598.533 ms
::1 - - [Tue, 24 Jul 2018 17:41:40 GMT] "GET /home HTTP/1.1" 200 - 236.095 ms
::1 - - [Tue, 24 Jul 2018 17:41:42 GMT] "POST /api/newsfeed/list HTTP/1.1" 200 - 916.587 ms
::1 - - [Tue, 24 Jul 2018 17:41:46 GMT] "GET /css/bootstrap.min.css.map HTTP/1.1" 200 - 88.371 ms
::1 - - [Tue, 24 Jul 2018 17:42:11 GMT] "GET /login HTTP/1.1" 200 - 98.004 ms
::1 - - [Tue, 24 Jul 2018 17:42:14 GMT] "GET /css/bootstrap.min.css.map HTTP/1.1" 304 - 95.339 ms
::1 - - [Tue, 24 Jul 2018 17:42:20 GMT] "GET /home HTTP/1.1" 304 - 92.591 ms
::1 - - [Tue, 24 Jul 2018 17:42:22 GMT] "GET /css/bootstrap.min.css.map HTTP/1.1" 304 - 82.224 ms
::1 - - [Tue, 24 Jul 2018 17:42:22 GMT] "POST /api/newsfeed/list HTTP/1.1" 200 - 844.539 ms
::1 - - [Tue, 24 Jul 2018 17:42:25 GMT] "GET /login HTTP/1.1" 304 - 112.531 ms
::1 - - [Tue, 24 Jul 2018 17:42:29 GMT] "GET /css/bootstrap.min.css.map HTTP/1.1" 304 - 89.826 ms
::1 - - [Tue, 24 Jul 2018 17:42:37 GMT] "GET /login HTTP/1.1" 304 - 95.238 ms
::1 - - [Tue, 24 Jul 2018 17:42:39 GMT] "GET /stage/ HTTP/1.1" 200 - 98.734 ms
::1 - - [Tue, 24 Jul 2018 17:42:41 GMT] "GET /api/user/join-date/undefined HTTP/1.1" 404 43 99.190 ms
::1 - - [Tue, 24 Jul 2018 17:42:41 GMT] "GET /api/element/list/undefined HTTP/1.1" 404 43 129.369 ms
::1 - - [Tue, 24 Jul 2018 17:42:41 GMT] "GET /css/bootstrap.min.css.map HTTP/1.1" 304 - 84.478 ms
::1 - - [Tue, 24 Jul 2018 17:42:45 GMT] "GET /home HTTP/1.1" 304 - 92.845 ms
::1 - - [Tue, 24 Jul 2018 17:42:46 GMT] "GET /css/bootstrap.min.css.map HTTP/1.1" 304 - 89.649 ms
::1 - - [Tue, 24 Jul 2018 17:42:46 GMT] "POST /api/newsfeed/list HTTP/1.1" 200 - 437.762 ms
::1 - - [Tue, 24 Jul 2018 17:44:28 GMT] "GET /home HTTP/1.1" 200 - 354.335 ms
::1 - - [Tue, 24 Jul 2018 17:44:29 GMT] "GET /css/bootstrap.min.css.map HTTP/1.1" 200 - 87.087 ms
::1 - - [Tue, 24 Jul 2018 17:44:30 GMT] "POST /api/newsfeed/list HTTP/1.1" 200 - 834.206 ms
::1 - - [Tue, 24 Jul 2018 17:47:37 GMT] "GET /home HTTP/1.1" 200 - 223.116 ms
::1 - - [Tue, 24 Jul 2018 17:47:38 GMT] "GET /css/bootstrap.min.css.map HTTP/1.1" 200 - 80.681 ms
::1 - - [Tue, 24 Jul 2018 17:47:39 GMT] "POST /api/newsfeed/list HTTP/1.1" 200 - 812.852 ms
::1 - - [Tue, 24 Jul 2018 17:51:03 GMT] "POST /api/newsfeed/list HTTP/1.1" 200 - 910.452 ms
::1 - - [Tue, 24 Jul 2018 17:51:08 GMT] "GET /css/bootstrap.min.css.map HTTP/1.1" 200 - 94.629 ms
::1 - - [Tue, 24 Jul 2018 17:52:05 GMT] "GET /stage/vicwu HTTP/1.1" 200 - 107.197 ms
::1 - - [Tue, 24 Jul 2018 17:52:07 GMT] "GET /api/user/join-date/vicwu HTTP/1.1" 200 815 155.526 ms
::1 - - [Tue, 24 Jul 2018 17:52:07 GMT] "GET /api/element/list/vicwu HTTP/1.1" 200 - 350.253 ms
::1 - - [Tue, 24 Jul 2018 17:52:07 GMT] "POST /api/user/check-permission HTTP/1.1" 200 42 87.723 ms
::1 - - [Tue, 24 Jul 2018 17:52:07 GMT] "GET /api/user/join-date/vicwu2 HTTP/1.1" 200 912 152.052 ms
::1 - - [Tue, 24 Jul 2018 17:52:07 GMT] "GET /css/bootstrap.min.css.map HTTP/1.1" 304 - 101.986 ms
::1 - - [Tue, 24 Jul 2018 17:52:12 GMT] "GET /home HTTP/1.1" 200 - 90.884 ms
::1 - - [Tue, 24 Jul 2018 17:52:13 GMT] "GET /css/bootstrap.min.css.map HTTP/1.1" 304 - 113.976 ms
::1 - - [Tue, 24 Jul 2018 17:52:14 GMT] "POST /api/newsfeed/list HTTP/1.1" 200 - 587.908 ms
::1 - - [Tue, 24 Jul 2018 17:52:32 GMT] "POST /api/user/check-permission HTTP/1.1" 200 42 131.311 ms
::1 - - [Tue, 24 Jul 2018 17:52:32 GMT] "GET /css/bootstrap.min.css.map HTTP/1.1" 304 - 85.186 ms
::1 - - [Tue, 24 Jul 2018 17:52:39 GMT] "POST /logout HTTP/1.1" 200 0 32.350 ms
::1 - - [Tue, 24 Jul 2018 17:52:39 GMT] "GET /login HTTP/1.1" 200 - 4.158 ms
::1 - - [Tue, 24 Jul 2018 17:52:56 GMT] "POST /login HTTP/1.1" 200 245 1193.099 ms
::1 - - [Tue, 24 Jul 2018 17:52:56 GMT] "GET /stage/vicwu2 HTTP/1.1" 200 - 93.388 ms
::1 - - [Tue, 24 Jul 2018 17:52:57 GMT] "GET /api/user/join-date/vicwu2 HTTP/1.1" 304 - 158.853 ms
::1 - - [Tue, 24 Jul 2018 17:52:57 GMT] "GET /api/element/list/vicwu2 HTTP/1.1" 200 - 212.458 ms
::1 - - [Tue, 24 Jul 2018 17:52:59 GMT] "GET /home HTTP/1.1" 304 - 93.854 ms
::1 - - [Tue, 24 Jul 2018 17:53:00 GMT] "POST /api/newsfeed/list HTTP/1.1" 200 - 339.232 ms
::1 - - [Tue, 24 Jul 2018 17:53:04 GMT] "GET /favicon.ico HTTP/1.1" 200 - 83.525 ms
::1 - - [Tue, 24 Jul 2018 17:53:07 GMT] "GET /css/bootstrap.min.css.map HTTP/1.1" 304 - 83.061 ms
::1 - - [Tue, 24 Jul 2018 17:53:10 GMT] "GET /home HTTP/1.1" 304 - 87.219 ms
::1 - - [Tue, 24 Jul 2018 17:53:11 GMT] "POST /api/newsfeed/list HTTP/1.1" 200 - 328.377 ms
::1 - - [Tue, 24 Jul 2018 17:54:28 GMT] "POST /api/newsfeed/list HTTP/1.1" 401 25 1.582 ms
::1 - - [Tue, 24 Jul 2018 17:54:30 GMT] "GET /login HTTP/1.1" 200 - 11.185 ms
::1 - - [Tue, 24 Jul 2018 17:54:35 GMT] "GET /about HTTP/1.1" 200 - 1.899 ms
::1 - - [Tue, 24 Jul 2018 17:54:38 GMT] "POST /api/newsfeed/list HTTP/1.1" 401 25 0.640 ms
::1 - - [Tue, 24 Jul 2018 17:54:39 GMT] "GET /login HTTP/1.1" 304 - 0.930 ms
::1 - - [Tue, 24 Jul 2018 17:54:53 GMT] "POST /register HTTP/1.1" 200 241 1074.984 ms
::1 - - [Tue, 24 Jul 2018 17:55:00 GMT] "POST /api/newsfeed/list HTTP/1.1" 200 352 14.670 ms
::1 - - [Tue, 24 Jul 2018 17:55:05 GMT] "GET /stage/vicwu HTTP/1.1" 200 - 15.652 ms
::1 - - [Tue, 24 Jul 2018 17:55:05 GMT] "GET /api/element/list/vicwu HTTP/1.1" 200 289 10.122 ms
::1 - - [Tue, 24 Jul 2018 17:55:05 GMT] "GET /api/user/join-date/vicwu HTTP/1.1" 200 866 14.194 ms
::1 - - [Tue, 24 Jul 2018 17:55:06 GMT] "POST /api/user/update-profile-position HTTP/1.1" 200 20 6.027 ms
::1 - - [Tue, 24 Jul 2018 18:02:54 GMT] "POST /api/search/username HTTP/1.1" 200 68 15.547 ms
::1 - - [Tue, 24 Jul 2018 18:02:54 GMT] "POST /api/search/username HTTP/1.1" 200 68 2.748 ms
::1 - - [Tue, 24 Jul 2018 18:02:56 GMT] "POST /api/search/username HTTP/1.1" 200 68 2.485 ms
::1 - - [Tue, 24 Jul 2018 20:16:47 GMT] "POST /api/newsfeed/list HTTP/1.1" 200 352 14.508 ms
::1 - - [Tue, 24 Jul 2018 20:16:50 GMT] "GET /stage/vicwu HTTP/1.1" 200 - 15.350 ms
::1 - - [Tue, 24 Jul 2018 20:16:50 GMT] "GET /api/user/join-date/vicwu HTTP/1.1" 200 902 16.136 ms
::1 - - [Tue, 24 Jul 2018 20:16:50 GMT] "GET /api/element/list/vicwu HTTP/1.1" 304 - 18.313 ms
::1 - - [Tue, 24 Jul 2018 20:17:37 GMT] "GET /css/bootstrap.min.css.map HTTP/1.1" 200 - 13.000 ms
::1 - - [Tue, 24 Jul 2018 20:19:35 GMT] "GET /stage/vicwu HTTP/1.1" 200 - 36.520 ms
::1 - - [Tue, 24 Jul 2018 20:19:36 GMT] "GET /css/bootstrap.min.css.map HTTP/1.1" 200 - 7.619 ms
::1 - - [Tue, 24 Jul 2018 20:19:36 GMT] "GET /api/user/join-date/vicwu HTTP/1.1" 304 - 13.240 ms
::1 - - [Tue, 24 Jul 2018 20:19:36 GMT] "GET /api/element/list/vicwu HTTP/1.1" 304 - 13.556 ms
::1 - - [Tue, 24 Jul 2018 20:20:37 GMT] "GET /stage/vicwu HTTP/1.1" 304 - 6.309 ms
::1 - - [Tue, 24 Jul 2018 20:20:38 GMT] "GET /api/user/join-date/vicwu HTTP/1.1" 304 - 6.877 ms
::1 - - [Tue, 24 Jul 2018 20:20:38 GMT] "GET /api/element/list/vicwu HTTP/1.1" 304 - 5.733 ms
::1 - - [Tue, 24 Jul 2018 20:20:38 GMT] "GET /css/bootstrap.min.css.map HTTP/1.1" 304 - 4.453 ms
::1 - - [Tue, 24 Jul 2018 20:27:24 GMT] "GET /stage/vicwu HTTP/1.1" 200 - 20.680 ms
::1 - - [Tue, 24 Jul 2018 20:27:25 GMT] "GET /css/bootstrap.min.css.map HTTP/1.1" 200 - 8.103 ms
::1 - - [Tue, 24 Jul 2018 20:27:26 GMT] "GET /api/user/join-date/vicwu HTTP/1.1" 200 902 18.071 ms
::1 - - [Tue, 24 Jul 2018 20:27:26 GMT] "GET /api/element/list/vicwu HTTP/1.1" 304 - 15.680 ms
::1 - - [Tue, 24 Jul 2018 20:30:50 GMT] "GET /stage/vicwu HTTP/1.1" 200 - 34.040 ms
::1 - - [Tue, 24 Jul 2018 20:30:51 GMT] "GET /css/bootstrap.min.css.map HTTP/1.1" 200 - 8.667 ms
::1 - - [Tue, 24 Jul 2018 20:30:52 GMT] "GET /api/user/join-date/vicwu HTTP/1.1" 304 - 12.285 ms
::1 - - [Tue, 24 Jul 2018 20:30:52 GMT] "GET /api/element/list/vicwu HTTP/1.1" 304 - 13.096 ms
::1 - - [Tue, 24 Jul 2018 20:32:24 GMT] "GET /stage/vicwu HTTP/1.1" 200 - 22.995 ms
::1 - - [Tue, 24 Jul 2018 20:32:25 GMT] "GET /css/bootstrap.min.css.map HTTP/1.1" 200 - 10.853 ms
::1 - - [Tue, 24 Jul 2018 20:32:26 GMT] "GET /api/user/join-date/vicwu HTTP/1.1" 200 902 23.543 ms
::1 - - [Tue, 24 Jul 2018 20:32:26 GMT] "GET /api/element/list/vicwu HTTP/1.1" 304 - 18.778 ms
::1 - - [Tue, 24 Jul 2018 20:35:57 GMT] "GET /stage/vicwu HTTP/1.1" 200 - 21.748 ms
::1 - - [Tue, 24 Jul 2018 20:35:58 GMT] "GET /css/bootstrap.min.css.map HTTP/1.1" 200 - 11.111 ms
::1 - - [Tue, 24 Jul 2018 20:35:58 GMT] "GET /api/user/join-date/vicwu HTTP/1.1" 304 - 21.121 ms
::1 - - [Tue, 24 Jul 2018 20:35:58 GMT] "GET /api/element/list/vicwu HTTP/1.1" 304 - 27.475 ms
::1 - - [Tue, 24 Jul 2018 20:36:12 GMT] "GET /css/bootstrap.min.css.map HTTP/1.1" 304 - 5.906 ms
::1 - - [Tue, 24 Jul 2018 20:58:29 GMT] "POST /api/newsfeed/list HTTP/1.1" 200 352 12.401 ms
::1 - - [Tue, 24 Jul 2018 20:58:34 GMT] "POST /logout HTTP/1.1" 200 0 5.023 ms
::1 - - [Tue, 24 Jul 2018 20:58:34 GMT] "GET /login HTTP/1.1" 200 - 6.728 ms
::1 - - [Tue, 24 Jul 2018 20:59:00 GMT] "GET /favicon.ico HTTP/1.1" 200 - 7.140 ms
::1 - - [Tue, 24 Jul 2018 20:59:04 GMT] "GET /css/bootstrap.min.css.map HTTP/1.1" 200 - 1.986 ms
::1 - - [Tue, 24 Jul 2018 20:59:44 GMT] "GET /css/bootstrap.min.css.map HTTP/1.1" 304 - 0.672 ms
::1 - - [Tue, 24 Jul 2018 21:06:32 GMT] "GET /login HTTP/1.1" 200 - 9.199 ms
::1 - - [Tue, 24 Jul 2018 21:06:44 GMT] "GET /css/bootstrap.min.css.map HTTP/1.1" 200 - 4.223 ms
::1 - - [Tue, 24 Jul 2018 21:06:56 GMT] "GET /css/bootstrap.min.css.map HTTP/1.1" 304 - 0.718 ms
::1 - - [Tue, 24 Jul 2018 21:11:02 GMT] "GET /login HTTP/1.1" 200 - 13.029 ms
::1 - - [Tue, 24 Jul 2018 21:11:04 GMT] "GET /css/bootstrap.min.css.map HTTP/1.1" 200 - 2.231 ms
::1 - - [Tue, 24 Jul 2018 21:19:20 GMT] "GET /login HTTP/1.1" 200 - 10.839 ms
::1 - - [Tue, 24 Jul 2018 21:19:50 GMT] "GET /css/bootstrap.min.css.map HTTP/1.1" 200 - 3.526 ms
::1 - - [Tue, 24 Jul 2018 21:22:41 GMT] "GET /login HTTP/1.1" 200 - 10.758 ms
::1 - - [Tue, 24 Jul 2018 21:24:08 GMT] "GET /login HTTP/1.1" 200 - 12.461 ms
::1 - - [Tue, 24 Jul 2018 21:25:27 GMT] "GET /login HTTP/1.1" 200 - 18.970 ms
::1 - - [Tue, 24 Jul 2018 21:25:28 GMT] "GET /css/bootstrap.min.css.map HTTP/1.1" 200 - 2.512 ms
::1 - - [Tue, 24 Jul 2018 21:26:53 GMT] "GET /login HTTP/1.1" 200 - 13.259 ms
::1 - - [Tue, 24 Jul 2018 21:26:53 GMT] "GET /css/bootstrap.min.css.map HTTP/1.1" 200 - 2.398 ms
::1 - - [Tue, 24 Jul 2018 21:28:00 GMT] "GET /login HTTP/1.1" 200 - 8.640 ms
::1 - - [Tue, 24 Jul 2018 21:28:01 GMT] "GET /css/bootstrap.min.css.map HTTP/1.1" 200 - 1.682 ms
::1 - - [Tue, 24 Jul 2018 21:29:26 GMT] "GET /login HTTP/1.1" 304 - 1.153 ms
::1 - - [Tue, 24 Jul 2018 21:29:28 GMT] "GET /css/bootstrap.min.css.map HTTP/1.1" 304 - 1.543 ms
::1 - - [Tue, 24 Jul 2018 21:32:25 GMT] "GET /login HTTP/1.1" 200 - 17.299 ms
::1 - - [Tue, 24 Jul 2018 21:32:42 GMT] "GET /css/bootstrap.min.css.map HTTP/1.1" 200 - 6.279 ms
::1 - - [Tue, 24 Jul 2018 21:34:36 GMT] "GET /login HTTP/1.1" 200 - 16.247 ms
::1 - - [Tue, 24 Jul 2018 21:34:36 GMT] "GET /css/bootstrap.min.css.map HTTP/1.1" 200 - 2.472 ms
::1 - - [Tue, 24 Jul 2018 21:36:16 GMT] "GET /login HTTP/1.1" 200 - 15.464 ms
::1 - - [Tue, 24 Jul 2018 21:36:16 GMT] "GET /css/bootstrap.min.css.map HTTP/1.1" 200 - 2.699 ms
::1 - - [Tue, 24 Jul 2018 21:37:52 GMT] "GET /login HTTP/1.1" 200 - 16.121 ms
::1 - - [Tue, 24 Jul 2018 21:37:52 GMT] "GET /css/bootstrap.min.css.map HTTP/1.1" 200 - 1.456 ms
::1 - - [Tue, 24 Jul 2018 21:41:54 GMT] "GET /login HTTP/1.1" 200 - 11.982 ms
::1 - - [Tue, 24 Jul 2018 21:41:55 GMT] "GET /css/bootstrap.min.css.map HTTP/1.1" 200 - 1.930 ms
::1 - - [Tue, 24 Jul 2018 21:43:13 GMT] "GET /login HTTP/1.1" 200 - 11.779 ms
::1 - - [Tue, 24 Jul 2018 21:43:21 GMT] "GET /css/bootstrap.min.css.map HTTP/1.1" 200 - 1.742 ms
::1 - - [Tue, 24 Jul 2018 21:46:07 GMT] "GET /login HTTP/1.1" 200 - 22.509 ms
::1 - - [Tue, 24 Jul 2018 21:46:08 GMT] "GET /css/bootstrap.min.css.map HTTP/1.1" 200 - 3.055 ms
::1 - - [Tue, 24 Jul 2018 21:47:12 GMT] "GET /login HTTP/1.1" 200 - 18.912 ms
::1 - - [Tue, 24 Jul 2018 21:47:13 GMT] "GET /css/bootstrap.min.css.map HTTP/1.1" 200 - 1.457 ms
::1 - - [Tue, 24 Jul 2018 21:50:08 GMT] "GET /login HTTP/1.1" 304 - 9.682 ms
::1 - - [Tue, 24 Jul 2018 21:50:13 GMT] "POST /login HTTP/1.1" 403 23 6.996 ms
::1 - - [Wed, 25 Jul 2018 13:25:19 GMT] "POST /api/newsfeed/list HTTP/1.1" 401 25 1.539 ms
::1 - - [Wed, 25 Jul 2018 13:25:22 GMT] "GET /login HTTP/1.1" 200 - 6.258 ms
::1 - - [Wed, 25 Jul 2018 13:26:15 GMT] "GET /about HTTP/1.1" 200 - 4.945 ms
::1 - - [Wed, 25 Jul 2018 13:29:01 GMT] "GET /css/bootstrap.min.css.map HTTP/1.1" 200 - 1.543 ms
::1 - - [Wed, 25 Jul 2018 13:34:16 GMT] "GET /about HTTP/1.1" 200 - 10.223 ms
::1 - - [Wed, 25 Jul 2018 13:34:16 GMT] "GET /css/bootstrap.min.css.map HTTP/1.1" 200 - 1.563 ms
::1 - - [Wed, 25 Jul 2018 13:35:48 GMT] "GET /about HTTP/1.1" 200 - 11.552 ms
::1 - - [Wed, 25 Jul 2018 13:35:48 GMT] "GET /css/bootstrap.min.css.map HTTP/1.1" 200 - 1.775 ms
::1 - - [Wed, 25 Jul 2018 13:40:07 GMT] "GET /about HTTP/1.1" 200 - 17.417 ms
::1 - - [Wed, 25 Jul 2018 13:40:08 GMT] "GET /css/bootstrap.min.css.map HTTP/1.1" 200 - 1.731 ms
::1 - - [Wed, 25 Jul 2018 13:43:47 GMT] "GET /about HTTP/1.1" 200 - 15.784 ms
::1 - - [Wed, 25 Jul 2018 13:43:48 GMT] "GET /css/bootstrap.min.css.map HTTP/1.1" 200 - 3.309 ms
::1 - - [Wed, 25 Jul 2018 13:44:57 GMT] "GET /about HTTP/1.1" 200 - 11.022 ms
::1 - - [Wed, 25 Jul 2018 13:44:58 GMT] "GET /css/bootstrap.min.css.map HTTP/1.1" 200 - 1.607 ms
::1 - - [Wed, 25 Jul 2018 13:48:43 GMT] "GET /about HTTP/1.1" 200 - 14.387 ms
::1 - - [Wed, 25 Jul 2018 13:48:44 GMT] "GET /css/bootstrap.min.css.map HTTP/1.1" 200 - 1.613 ms
::1 - - [Wed, 25 Jul 2018 13:53:28 GMT] "GET /about HTTP/1.1" 200 - 16.260 ms
::1 - - [Wed, 25 Jul 2018 13:53:29 GMT] "GET /css/bootstrap.min.css.map HTTP/1.1" 200 - 1.260 ms
::1 - - [Wed, 25 Jul 2018 13:59:21 GMT] "GET /about HTTP/1.1" 200 - 8.749 ms
::1 - - [Wed, 25 Jul 2018 13:59:22 GMT] "GET /css/bootstrap.min.css.map HTTP/1.1" 200 - 1.905 ms
::1 - - [Wed, 25 Jul 2018 14:01:21 GMT] "GET /about HTTP/1.1" 200 - 15.756 ms
::1 - - [Wed, 25 Jul 2018 14:01:22 GMT] "GET /css/bootstrap.min.css.map HTTP/1.1" 200 - 1.553 ms
::1 - - [Wed, 25 Jul 2018 14:02:47 GMT] "GET /about HTTP/1.1" 200 - 15.859 ms
::1 - - [Wed, 25 Jul 2018 14:02:48 GMT] "GET /css/bootstrap.min.css.map HTTP/1.1" 200 - 1.991 ms
::1 - - [Wed, 25 Jul 2018 14:05:16 GMT] "GET /about HTTP/1.1" 200 - 12.518 ms
::1 - - [Wed, 25 Jul 2018 14:05:16 GMT] "GET /css/bootstrap.min.css.map HTTP/1.1" 200 - 0.984 ms
::1 - - [Wed, 25 Jul 2018 14:06:54 GMT] "GET /about HTTP/1.1" 200 - 13.982 ms
::1 - - [Wed, 25 Jul 2018 14:06:55 GMT] "GET /css/bootstrap.min.css.map HTTP/1.1" 200 - 1.419 ms
::1 - - [Wed, 25 Jul 2018 14:09:35 GMT] "GET /about HTTP/1.1" 200 - 17.064 ms
::1 - - [Wed, 25 Jul 2018 14:09:36 GMT] "GET /css/bootstrap.min.css.map HTTP/1.1" 200 - 1.494 ms
::1 - - [Wed, 25 Jul 2018 14:15:40 GMT] "GET /about HTTP/1.1" 200 - 16.644 ms
::1 - - [Wed, 25 Jul 2018 14:15:41 GMT] "GET /css/bootstrap.min.css.map HTTP/1.1" 200 - 1.316 ms
::1 - - [Wed, 25 Jul 2018 14:18:28 GMT] "GET /about HTTP/1.1" 200 - 10.524 ms
::1 - - [Wed, 25 Jul 2018 14:18:29 GMT] "GET /css/bootstrap.min.css.map HTTP/1.1" 200 - 2.609 ms
::1 - - [Wed, 25 Jul 2018 14:22:17 GMT] "GET /about HTTP/1.1" 200 - 13.114 ms
::1 - - [Wed, 25 Jul 2018 14:22:17 GMT] "GET /css/bootstrap.min.css.map HTTP/1.1" 200 - 1.149 ms
::1 - - [Wed, 25 Jul 2018 14:26:59 GMT] "GET /about HTTP/1.1" 200 - 12.745 ms
::1 - - [Wed, 25 Jul 2018 14:27:00 GMT] "GET /css/bootstrap.min.css.map HTTP/1.1" 200 - 1.117 ms
::1 - - [Wed, 25 Jul 2018 14:27:55 GMT] "GET /css/bootstrap.min.css.map HTTP/1.1" 304 - 1.066 ms
::1 - - [Wed, 25 Jul 2018 14:30:01 GMT] "GET /about HTTP/1.1" 200 - 11.497 ms
::1 - - [Wed, 25 Jul 2018 14:30:02 GMT] "GET /css/bootstrap.min.css.map HTTP/1.1" 200 - 1.031 ms
::1 - - [Wed, 25 Jul 2018 14:30:13 GMT] "GET /about HTTP/1.1" 304 - 1.428 ms
::1 - - [Wed, 25 Jul 2018 14:30:14 GMT] "GET /css/bootstrap.min.css.map HTTP/1.1" 304 - 1.670 ms
::1 - - [Wed, 25 Jul 2018 14:32:25 GMT] "GET /about HTTP/1.1" 200 - 14.175 ms
::1 - - [Wed, 25 Jul 2018 14:32:26 GMT] "GET /css/bootstrap.min.css.map HTTP/1.1" 200 - 1.050 ms
::1 - - [Wed, 25 Jul 2018 14:36:14 GMT] "GET /about HTTP/1.1" 200 - 17.197 ms
::1 - - [Wed, 25 Jul 2018 14:36:16 GMT] "GET /css/bootstrap.min.css.map HTTP/1.1" 200 - 1.180 ms
::1 - - [Wed, 25 Jul 2018 14:36:21 GMT] "GET /about HTTP/1.1" 304 - 1.451 ms
::1 - - [Wed, 25 Jul 2018 14:36:23 GMT] "GET /css/bootstrap.min.css.map HTTP/1.1" 304 - 0.818 ms
::1 - - [Wed, 25 Jul 2018 14:36:26 GMT] "GET /about HTTP/1.1" 304 - 4.059 ms
::1 - - [Wed, 25 Jul 2018 14:36:27 GMT] "GET /css/bootstrap.min.css.map HTTP/1.1" 304 - 0.658 ms
::1 - - [Wed, 25 Jul 2018 14:38:02 GMT] "GET /about HTTP/1.1" 200 - 10.607 ms
::1 - - [Wed, 25 Jul 2018 14:38:02 GMT] "GET /css/bootstrap.min.css.map HTTP/1.1" 200 - 1.117 ms
::1 - - [Wed, 25 Jul 2018 18:40:46 GMT] "POST /api/newsfeed/list HTTP/1.1" 401 25 1.489 ms
::1 - - [Wed, 25 Jul 2018 18:40:48 GMT] "GET /login HTTP/1.1" 200 - 6.353 ms
::1 - - [Wed, 25 Jul 2018 18:40:59 GMT] "POST /login HTTP/1.1" 403 24 94.605 ms
::1 - - [Wed, 25 Jul 2018 18:41:29 GMT] "POST /login HTTP/1.1" 200 245 1348.148 ms
::1 - - [Wed, 25 Jul 2018 18:41:29 GMT] "GET /stage/vicwu2 HTTP/1.1" 200 - 85.688 ms
::1 - - [Wed, 25 Jul 2018 18:41:30 GMT] "GET /api/user/join-date/vicwu2 HTTP/1.1" 200 912 156.199 ms
::1 - - [Wed, 25 Jul 2018 18:41:30 GMT] "GET /api/element/list/vicwu2 HTTP/1.1" 200 - 420.283 ms
::1 - - [Wed, 25 Jul 2018 18:42:04 GMT] "GET /css/bootstrap.min.css.map HTTP/1.1" 200 - 84.315 ms
::1 - - [Wed, 25 Jul 2018 18:50:11 GMT] "GET /stage/vicwu2 HTTP/1.1" 200 - 223.634 ms
::1 - - [Wed, 25 Jul 2018 18:50:12 GMT] "GET /css/bootstrap.min.css.map HTTP/1.1" 200 - 94.460 ms
::1 - - [Wed, 25 Jul 2018 18:50:13 GMT] "GET /api/user/join-date/vicwu2 HTTP/1.1" 200 912 145.201 ms
::1 - - [Wed, 25 Jul 2018 18:50:13 GMT] "GET /api/element/list/vicwu2 HTTP/1.1" 304 - 426.067 ms
::1 - - [Wed, 25 Jul 2018 18:50:38 GMT] "GET /stage/vicwu2 HTTP/1.1" 304 - 96.811 ms
::1 - - [Wed, 25 Jul 2018 18:50:39 GMT] "GET /api/user/join-date/vicwu2 HTTP/1.1" 304 - 154.653 ms
::1 - - [Wed, 25 Jul 2018 18:50:39 GMT] "GET /api/element/list/vicwu2 HTTP/1.1" 200 - 343.253 ms
::1 - - [Wed, 25 Jul 2018 18:50:39 GMT] "GET /css/bootstrap.min.css.map HTTP/1.1" 304 - 86.862 ms
::1 - - [Wed, 25 Jul 2018 18:56:45 GMT] "GET /stage/vicwu2 HTTP/1.1" 200 - 212.265 ms
::1 - - [Wed, 25 Jul 2018 18:56:46 GMT] "GET /css/bootstrap.min.css.map HTTP/1.1" 200 - 85.597 ms
::1 - - [Wed, 25 Jul 2018 18:56:47 GMT] "GET /api/user/join-date/vicwu2 HTTP/1.1" 200 912 178.899 ms
::1 - - [Wed, 25 Jul 2018 18:56:47 GMT] "GET /api/element/list/vicwu2 HTTP/1.1" 200 - 437.404 ms
::1 - - [Wed, 25 Jul 2018 18:58:51 GMT] "GET /stage/vicwu2 HTTP/1.1" 200 - 226.861 ms
::1 - - [Wed, 25 Jul 2018 18:58:52 GMT] "GET /css/bootstrap.min.css.map HTTP/1.1" 200 - 92.254 ms
::1 - - [Wed, 25 Jul 2018 18:58:53 GMT] "GET /api/user/join-date/vicwu2 HTTP/1.1" 304 - 164.799 ms
::1 - - [Wed, 25 Jul 2018 18:58:53 GMT] "GET /api/element/list/vicwu2 HTTP/1.1" 304 - 416.872 ms
::1 - - [Wed, 25 Jul 2018 19:01:01 GMT] "GET /stage/vicwu2 HTTP/1.1" 304 - 93.200 ms
::1 - - [Wed, 25 Jul 2018 19:01:02 GMT] "GET /api/user/join-date/vicwu2 HTTP/1.1" 304 - 157.367 ms
::1 - - [Wed, 25 Jul 2018 19:01:02 GMT] "GET /api/element/list/vicwu2 HTTP/1.1" 200 - 369.074 ms
::1 - - [Wed, 25 Jul 2018 19:01:02 GMT] "GET /css/bootstrap.min.css.map HTTP/1.1" 304 - 90.054 ms
::1 - - [Wed, 25 Jul 2018 19:02:38 GMT] "GET /stage/vicwu2 HTTP/1.1" 200 - 225.292 ms
::1 - - [Wed, 25 Jul 2018 19:02:39 GMT] "GET /css/bootstrap.min.css.map HTTP/1.1" 200 - 95.075 ms
::1 - - [Wed, 25 Jul 2018 19:02:39 GMT] "GET /api/user/join-date/vicwu2 HTTP/1.1" 200 912 149.930 ms
::1 - - [Wed, 25 Jul 2018 19:02:40 GMT] "GET /api/element/list/vicwu2 HTTP/1.1" 200 - 340.827 ms
::1 - - [Wed, 25 Jul 2018 19:08:31 GMT] "GET /stage/vicwu2 HTTP/1.1" 200 - 219.926 ms
::1 - - [Wed, 25 Jul 2018 19:08:32 GMT] "GET /css/bootstrap.min.css.map HTTP/1.1" 200 - 108.531 ms
::1 - - [Wed, 25 Jul 2018 19:08:32 GMT] "GET /api/user/join-date/vicwu2 HTTP/1.1" 200 912 293.753 ms
::1 - - [Wed, 25 Jul 2018 19:08:32 GMT] "GET /api/element/list/vicwu2 HTTP/1.1" 304 - 439.921 ms
::1 - - [Wed, 25 Jul 2018 19:13:13 GMT] "GET /stage/vicwu2 HTTP/1.1" 200 - 234.994 ms
::1 - - [Wed, 25 Jul 2018 19:13:14 GMT] "GET /css/bootstrap.min.css.map HTTP/1.1" 200 - 107.414 ms
::1 - - [Wed, 25 Jul 2018 19:13:14 GMT] "GET /api/user/join-date/vicwu2 HTTP/1.1" 304 - 152.184 ms
::1 - - [Wed, 25 Jul 2018 19:13:15 GMT] "GET /api/element/list/vicwu2 HTTP/1.1" 304 - 420.522 ms
::1 - - [Wed, 25 Jul 2018 19:13:20 GMT] "GET /stage/vicwu2 HTTP/1.1" 200 - 98.376 ms
::1 - - [Wed, 25 Jul 2018 19:13:21 GMT] "GET /css/bootstrap.min.css.map HTTP/1.1" 200 - 103.661 ms
::1 - - [Wed, 25 Jul 2018 19:13:21 GMT] "GET /api/user/join-date/vicwu2 HTTP/1.1" 200 912 158.491 ms
::1 - - [Wed, 25 Jul 2018 19:13:21 GMT] "GET /api/element/list/vicwu2 HTTP/1.1" 200 - 391.934 ms
::1 - - [Wed, 25 Jul 2018 19:15:00 GMT] "GET /stage/vicwu2 HTTP/1.1" 200 - 205.361 ms
::1 - - [Wed, 25 Jul 2018 19:15:02 GMT] "GET /css/bootstrap.min.css.map HTTP/1.1" 200 - 91.617 ms
::1 - - [Wed, 25 Jul 2018 19:15:02 GMT] "GET /api/user/join-date/vicwu2 HTTP/1.1" 200 912 248.007 ms
::1 - - [Wed, 25 Jul 2018 19:15:02 GMT] "GET /api/element/list/vicwu2 HTTP/1.1" 200 - 431.498 ms
::1 - - [Wed, 25 Jul 2018 19:17:06 GMT] "GET /stage/vicwu2 HTTP/1.1" 200 - 221.071 ms
::1 - - [Wed, 25 Jul 2018 19:17:07 GMT] "GET /css/bootstrap.min.css.map HTTP/1.1" 200 - 82.995 ms
::1 - - [Wed, 25 Jul 2018 19:17:08 GMT] "GET /api/user/join-date/vicwu2 HTTP/1.1" 304 - 172.750 ms
::1 - - [Wed, 25 Jul 2018 19:17:08 GMT] "GET /api/element/list/vicwu2 HTTP/1.1" 304 - 433.547 ms
::1 - - [Wed, 25 Jul 2018 19:27:37 GMT] "GET /stage/vicwu2 HTTP/1.1" 200 - 215.530 ms
::1 - - [Wed, 25 Jul 2018 19:27:38 GMT] "GET /css/bootstrap.min.css.map HTTP/1.1" 200 - 88.248 ms
::1 - - [Wed, 25 Jul 2018 19:27:39 GMT] "GET /api/user/join-date/vicwu2 HTTP/1.1" 200 912 351.697 ms
::1 - - [Wed, 25 Jul 2018 19:27:39 GMT] "GET /api/element/list/vicwu2 HTTP/1.1" 304 - 473.218 ms
::1 - - [Wed, 25 Jul 2018 19:30:43 GMT] "GET /stage/vicwu2 HTTP/1.1" 200 - 780.319 ms
::1 - - [Wed, 25 Jul 2018 19:30:44 GMT] "GET /css/bootstrap.min.css.map HTTP/1.1" 200 - 97.478 ms
::1 - - [Wed, 25 Jul 2018 19:30:45 GMT] "GET /api/user/join-date/vicwu2 HTTP/1.1" 304 - 160.767 ms
::1 - - [Wed, 25 Jul 2018 19:30:45 GMT] "GET /api/element/list/vicwu2 HTTP/1.1" 304 - 548.312 ms
::1 - - [Wed, 25 Jul 2018 19:30:48 GMT] "GET /home HTTP/1.1" 200 - 94.521 ms
::1 - - [Wed, 25 Jul 2018 19:30:49 GMT] "GET /css/bootstrap.min.css.map HTTP/1.1" 304 - 206.094 ms
::1 - - [Wed, 25 Jul 2018 19:30:49 GMT] "POST /api/newsfeed/list HTTP/1.1" 200 - 735.985 ms
::1 - - [Wed, 25 Jul 2018 19:33:57 GMT] "GET /home HTTP/1.1" 200 - 9.795 ms
::1 - - [Wed, 25 Jul 2018 19:33:58 GMT] "GET /css/bootstrap.min.css.map HTTP/1.1" 200 - 1.577 ms
::1 - - [Wed, 25 Jul 2018 19:33:59 GMT] "POST /api/newsfeed/list HTTP/1.1" 401 25 1.449 ms
::1 - - [Wed, 25 Jul 2018 19:34:01 GMT] "GET /login HTTP/1.1" 200 - 1.583 ms
::1 - - [Wed, 25 Jul 2018 19:34:04 GMT] "GET /css/bootstrap.min.css.map HTTP/1.1" 304 - 1.055 ms
::1 - - [Wed, 25 Jul 2018 19:34:15 GMT] "POST /login HTTP/1.1" 200 238 1631.003 ms
::1 - - [Wed, 25 Jul 2018 19:34:15 GMT] "GET /stage/vicwu HTTP/1.1" 200 - 88.907 ms
::1 - - [Wed, 25 Jul 2018 19:34:17 GMT] "GET /api/element/list/vicwu HTTP/1.1" 200 286 144.567 ms
::1 - - [Wed, 25 Jul 2018 19:34:17 GMT] "GET /api/user/join-date/vicwu HTTP/1.1" 200 786 157.592 ms
::1 - - [Wed, 25 Jul 2018 19:34:18 GMT] "GET /css/bootstrap.min.css.map HTTP/1.1" 304 - 86.145 ms
::1 - - [Wed, 25 Jul 2018 19:34:25 GMT] "POST /logout HTTP/1.1" 200 0 29.060 ms
::1 - - [Wed, 25 Jul 2018 19:34:26 GMT] "GET /login HTTP/1.1" 200 - 2.173 ms
::1 - - [Wed, 25 Jul 2018 19:34:29 GMT] "GET /css/bootstrap.min.css.map HTTP/1.1" 304 - 2.999 ms
::1 - - [Wed, 25 Jul 2018 19:34:46 GMT] "POST /register HTTP/1.1" 200 250 1285.535 ms
::1 - - [Wed, 25 Jul 2018 19:34:59 GMT] "GET /css/bootstrap.min.css.map HTTP/1.1" 304 - 91.519 ms
::1 - - [Wed, 25 Jul 2018 19:35:00 GMT] "POST /api/newsfeed/list HTTP/1.1" 200 - 253.994 ms
::1 - - [Wed, 25 Jul 2018 19:35:05 GMT] "GET /stage/victoretest HTTP/1.1" 200 - 86.911 ms
::1 - - [Wed, 25 Jul 2018 19:35:07 GMT] "GET /api/user/join-date/victoretest HTTP/1.1" 200 884 143.927 ms
::1 - - [Wed, 25 Jul 2018 19:35:07 GMT] "GET /api/element/list/victoretest HTTP/1.1" 200 298 143.777 ms
::1 - - [Wed, 25 Jul 2018 19:35:07 GMT] "POST /api/user/update-profile-position HTTP/1.1" 200 20 93.630 ms
::1 - - [Wed, 25 Jul 2018 19:35:07 GMT] "GET /css/bootstrap.min.css.map HTTP/1.1" 304 - 90.255 ms
::1 - - [Wed, 25 Jul 2018 19:35:09 GMT] "POST /api/search/username HTTP/1.1" 200 - 150.384 ms
::1 - - [Wed, 25 Jul 2018 19:35:13 GMT] "POST /api/search/username HTTP/1.1" 200 - 127.491 ms
::1 - - [Wed, 25 Jul 2018 19:35:15 GMT] "POST /api/search/username HTTP/1.1" 200 - 127.152 ms
::1 - - [Wed, 25 Jul 2018 19:35:16 GMT] "GET /stage/vicwu HTTP/1.1" 304 - 84.032 ms
::1 - - [Wed, 25 Jul 2018 19:35:17 GMT] "GET /api/user/join-date/vicwu HTTP/1.1" 200 799 137.468 ms
::1 - - [Wed, 25 Jul 2018 19:35:17 GMT] "GET /api/element/list/vicwu HTTP/1.1" 200 298 142.843 ms
::1 - - [Wed, 25 Jul 2018 19:35:18 GMT] "POST /api/user/check-permission HTTP/1.1" 200 42 90.695 ms
::1 - - [Wed, 25 Jul 2018 19:35:18 GMT] "GET /api/user/join-date/victoretest HTTP/1.1" 200 920 133.950 ms
::1 - - [Wed, 25 Jul 2018 19:35:18 GMT] "GET /css/bootstrap.min.css.map HTTP/1.1" 304 - 87.698 ms
::1 - - [Wed, 25 Jul 2018 19:35:22 GMT] "GET /home HTTP/1.1" 304 - 94.781 ms
::1 - - [Wed, 25 Jul 2018 19:35:23 GMT] "GET /css/bootstrap.min.css.map HTTP/1.1" 304 - 253.837 ms
::1 - - [Wed, 25 Jul 2018 19:35:23 GMT] "POST /api/newsfeed/list HTTP/1.1" 200 - 386.761 ms
::1 - - [Wed, 25 Jul 2018 19:36:05 GMT] "GET /home HTTP/1.1" 304 - 6.705 ms
::1 - - [Wed, 25 Jul 2018 19:36:06 GMT] "POST /api/newsfeed/list HTTP/1.1" 401 25 1.810 ms
::1 - - [Wed, 25 Jul 2018 19:36:06 GMT] "GET /css/bootstrap.min.css.map HTTP/1.1" 304 - 5.990 ms
::1 - - [Wed, 25 Jul 2018 19:36:09 GMT] "GET /login HTTP/1.1" 304 - 1.327 ms
::1 - - [Wed, 25 Jul 2018 19:36:11 GMT] "GET /css/bootstrap.min.css.map HTTP/1.1" 304 - 1.088 ms
::1 - - [Wed, 25 Jul 2018 19:36:46 GMT] "POST /register HTTP/1.1" 200 241 1332.789 ms
::1 - - [Wed, 25 Jul 2018 19:36:57 GMT] "GET /css/bootstrap.min.css.map HTTP/1.1" 304 - 86.593 ms
::1 - - [Wed, 25 Jul 2018 19:36:58 GMT] "POST /api/newsfeed/list HTTP/1.1" 200 352 179.015 ms
::1 - - [Wed, 25 Jul 2018 19:39:05 GMT] "GET /css/bootstrap.min.css.map HTTP/1.1" 200 - 202.761 ms
::1 - - [Wed, 25 Jul 2018 19:39:05 GMT] "POST /api/newsfeed/list HTTP/1.1" 200 352 177.325 ms
::1 - - [Thu, 26 Jul 2018 15:36:51 GMT] "POST /api/newsfeed/list HTTP/1.1" 200 - 673.509 ms
::1 - - [Thu, 26 Jul 2018 15:36:54 GMT] "POST /logout HTTP/1.1" 200 0 33.785 ms
::1 - - [Thu, 26 Jul 2018 15:36:55 GMT] "GET /login HTTP/1.1" 200 - 6.507 ms
::1 - - [Thu, 26 Jul 2018 15:37:04 GMT] "GET /favicon.ico HTTP/1.1" 200 - 3.869 ms
::1 - - [Thu, 26 Jul 2018 15:39:39 GMT] "GET /login HTTP/1.1" 200 - 15.555 ms
::1 - - [Wed, 01 Aug 2018 04:00:13 GMT] "POST /api/newsfeed/list HTTP/1.1" 200 - 1058.391 ms
::1 - - [Wed, 01 Aug 2018 04:00:15 GMT] "POST /api/newsfeed/list HTTP/1.1" 200 429 220.254 ms
::1 - - [Wed, 01 Aug 2018 04:00:15 GMT] "POST /api/newsfeed/list HTTP/1.1" 200 429 124.051 ms
::1 - - [Wed, 01 Aug 2018 04:00:18 GMT] "GET /stage/vicwu1 HTTP/1.1" 200 - 120.492 ms
::1 - - [Wed, 01 Aug 2018 04:00:18 GMT] "GET /api/user/join-date/vicwu1 HTTP/1.1" 200 906 194.760 ms
::1 - - [Wed, 01 Aug 2018 04:00:18 GMT] "GET /api/element/list/vicwu1 HTTP/1.1" 200 - 403.420 ms
::1 - - [Wed, 01 Aug 2018 13:03:52 GMT] "GET /stage/vicwu1 HTTP/1.1" 304 - 317.773 ms
::1 - - [Wed, 01 Aug 2018 13:03:53 GMT] "GET /api/user/join-date/vicwu1 HTTP/1.1" 200 906 135.886 ms
::1 - - [Wed, 01 Aug 2018 13:03:53 GMT] "GET /api/element/list/vicwu1 HTTP/1.1" 304 - 513.615 ms
::1 - - [Wed, 01 Aug 2018 14:13:05 GMT] "POST /api/newsfeed/list HTTP/1.1" 200 - 1339.239 ms
::1 - - [Wed, 01 Aug 2018 14:13:10 GMT] "GET /css/bootstrap.min.css.map HTTP/1.1" 200 - 240.108 ms
::1 - - [Wed, 01 Aug 2018 14:13:14 GMT] "GET /stage/vicwu2/3-1533053838142 HTTP/1.1" 200 - 118.724 ms
::1 - - [Wed, 01 Aug 2018 14:13:16 GMT] "GET /api/user/join-date/vicwu2 HTTP/1.1" 200 907 190.548 ms
::1 - - [Wed, 01 Aug 2018 14:13:16 GMT] "GET /api/element/list/vicwu2 HTTP/1.1" 200 - 648.421 ms
::1 - - [Wed, 01 Aug 2018 14:13:16 GMT] "POST /api/user/check-permission HTTP/1.1" 200 42 276.434 ms
::1 - - [Wed, 01 Aug 2018 14:13:16 GMT] "GET /css/bootstrap.min.css.map HTTP/1.1" 304 - 100.528 ms
::1 - - [Wed, 01 Aug 2018 14:13:16 GMT] "GET /api/user/join-date/vicwu1 HTTP/1.1" 200 906 337.346 ms
::1 - - [Wed, 01 Aug 2018 14:14:57 GMT] "GET /css/bootstrap.min.css.map HTTP/1.1" 200 - 460.220 ms
::1 - - [Wed, 01 Aug 2018 14:38:38 GMT] "GET /css/bootstrap.min.css.map HTTP/1.1" 200 - 768.138 ms
::1 - - [Wed, 01 Aug 2018 14:55:31 GMT] "GET /home HTTP/1.1" 200 - 323.585 ms
::1 - - [Wed, 01 Aug 2018 14:55:32 GMT] "GET /css/bootstrap.min.css.map HTTP/1.1" 304 - 111.399 ms
::1 - - [Wed, 01 Aug 2018 14:55:40 GMT] "GET /home HTTP/1.1" 304 - 121.202 ms
::1 - - [Wed, 01 Aug 2018 14:55:42 GMT] "GET /css/bootstrap.min.css.map HTTP/1.1" 304 - 116.717 ms
::1 - - [Wed, 01 Aug 2018 14:56:11 GMT] "GET /css/bootstrap.min.css.map HTTP/1.1" 304 - 105.631 ms
::1 - - [Wed, 01 Aug 2018 14:56:25 GMT] "GET /css/bootstrap.min.css.map HTTP/1.1" 304 - 102.753 ms
::1 - - [Wed, 01 Aug 2018 14:56:28 GMT] "GET /stage/vicwu1 HTTP/1.1" 200 - 112.303 ms
::1 - - [Wed, 01 Aug 2018 14:56:30 GMT] "GET /css/bootstrap.min.css.map HTTP/1.1" 304 - 152.138 ms
::1 - - [Wed, 01 Aug 2018 15:11:16 GMT] "GET /stage/vicwu1 HTTP/1.1" 200 - 510.292 ms
::1 - - [Wed, 01 Aug 2018 15:11:17 GMT] "GET /css/bootstrap.min.css.map HTTP/1.1" 200 - 103.393 ms
::1 - - [Wed, 01 Aug 2018 15:12:14 GMT] "GET /stage/vicwu1 HTTP/1.1" 304 - 103.750 ms
::1 - - [Wed, 01 Aug 2018 15:12:52 GMT] "GET /css/bootstrap.min.css.map HTTP/1.1" 304 - 101.011 ms
::1 - - [Wed, 01 Aug 2018 15:13:02 GMT] "GET /stage/vicwu1 HTTP/1.1" 304 - 102.949 ms
::1 - - [Wed, 01 Aug 2018 15:13:03 GMT] "GET /css/bootstrap.min.css.map HTTP/1.1" 304 - 104.530 ms
::1 - - [Wed, 01 Aug 2018 15:26:31 GMT] "GET /stage/vicwu1 HTTP/1.1" 200 - 619.145 ms
::1 - - [Wed, 01 Aug 2018 15:26:32 GMT] "GET /css/bootstrap.min.css.map HTTP/1.1" 200 - 101.433 ms
::1 - - [Wed, 01 Aug 2018 15:28:22 GMT] "GET /css/bootstrap.min.css.map HTTP/1.1" 304 - 108.868 ms
::1 - - [Wed, 01 Aug 2018 15:31:33 GMT] "GET /css/bootstrap.min.css.map HTTP/1.1" 200 - 1051.049 ms
::1 - - [Wed, 01 Aug 2018 15:31:44 GMT] "GET /stage/vicwu1 HTTP/1.1" 200 - 99.044 ms
::1 - - [Wed, 01 Aug 2018 15:31:46 GMT] "GET /css/bootstrap.min.css.map HTTP/1.1" 304 - 102.772 ms
::1 - - [Wed, 01 Aug 2018 15:36:10 GMT] "GET /css/bootstrap.min.css.map HTTP/1.1" 304 - 106.920 ms
::1 - - [Wed, 01 Aug 2018 15:51:52 GMT] "POST /api/newsfeed/list HTTP/1.1" 200 - 1417.597 ms
::1 - - [Wed, 01 Aug 2018 15:58:57 GMT] "GET /css/bootstrap.min.css.map HTTP/1.1" 200 - 310.502 ms
::1 - - [Wed, 01 Aug 2018 15:59:19 GMT] "POST /api/newsfeed/list HTTP/1.1" 401 25 0.515 ms
::1 - - [Wed, 01 Aug 2018 15:59:19 GMT] "GET /login HTTP/1.1" 200 - 1.291 ms
::1 - - [Wed, 01 Aug 2018 15:59:26 GMT] "GET /stage/vicwu1 HTTP/1.1" 200 - 134.201 ms
::1 - - [Wed, 01 Aug 2018 15:59:28 GMT] "GET /css/bootstrap.min.css.map HTTP/1.1" 304 - 131.141 ms
::1 - - [Wed, 01 Aug 2018 15:59:34 GMT] "GET /api/user/join-date/vicwu1 HTTP/1.1" 200 906 694.232 ms
::1 - - [Wed, 01 Aug 2018 15:59:36 GMT] "GET /api/element/list/vicwu1 HTTP/1.1" 200 - 2395.745 ms
::1 - - [Wed, 01 Aug 2018 15:59:40 GMT] "GET /home HTTP/1.1" 200 - 640.277 ms
::1 - - [Wed, 01 Aug 2018 15:59:45 GMT] "POST /api/newsfeed/list HTTP/1.1" 200 - 3650.920 ms
::1 - - [Wed, 01 Aug 2018 15:59:56 GMT] "POST /login HTTP/1.1" 200 244 1286.903 ms
::1 - - [Wed, 01 Aug 2018 15:59:56 GMT] "GET /stage/vicwu2 HTTP/1.1" 200 - 105.097 ms
::1 - - [Wed, 01 Aug 2018 15:59:56 GMT] "GET /api/user/join-date/vicwu2 HTTP/1.1" 200 906 216.445 ms
::1 - - [Wed, 01 Aug 2018 15:59:56 GMT] "GET /api/element/list/vicwu2 HTTP/1.1" 200 - 310.989 ms
::1 - - [Wed, 01 Aug 2018 16:00:25 GMT] "POST /api/newsfeed/list HTTP/1.1" 200 429 243.237 ms
::1 - - [Wed, 01 Aug 2018 16:00:28 GMT] "POST /api/search/username HTTP/1.1" 200 - 174.365 ms
::1 - - [Wed, 01 Aug 2018 16:00:29 GMT] "GET /stage/vicwu1 HTTP/1.1" 200 - 107.330 ms
::1 - - [Wed, 01 Aug 2018 16:00:30 GMT] "GET /api/user/join-date/vicwu1 HTTP/1.1" 200 906 203.705 ms
::1 - - [Wed, 01 Aug 2018 16:00:30 GMT] "GET /api/element/list/vicwu1 HTTP/1.1" 200 - 345.527 ms
::1 - - [Wed, 01 Aug 2018 16:00:30 GMT] "POST /api/user/check-permission HTTP/1.1" 200 42 122.649 ms
::1 - - [Wed, 01 Aug 2018 16:00:30 GMT] "GET /api/user/join-date/vicwu2 HTTP/1.1" 304 - 206.948 ms
::1 - - [Wed, 01 Aug 2018 16:00:31 GMT] "POST /api/user/follow-detail HTTP/1.1" 200 142 102.616 ms
::1 - - [Wed, 01 Aug 2018 16:00:33 GMT] "POST /api/user/follow HTTP/1.1" 200 62 260.797 ms
::1 - - [Wed, 01 Aug 2018 16:00:35 GMT] "POST /api/user/notifications/list HTTP/1.1" 200 782 99.527 ms
::1 - - [Wed, 01 Aug 2018 16:00:36 GMT] "POST /api/user/update-permission HTTP/1.1" 200 62 145.536 ms
::1 - - [Wed, 01 Aug 2018 16:00:40 GMT] "POST /api/user/notifications/list HTTP/1.1" 200 - 101.526 ms
::1 - - [Wed, 01 Aug 2018 16:00:45 GMT] "GET /stage/vicwu2/3-1533053838142 HTTP/1.1" 200 - 106.628 ms
::1 - - [Wed, 01 Aug 2018 16:00:45 GMT] "GET /api/user/join-date/vicwu2 HTTP/1.1" 304 - 174.272 ms
::1 - - [Wed, 01 Aug 2018 16:00:46 GMT] "GET /api/element/list/vicwu2 HTTP/1.1" 304 - 514.873 ms
::1 - - [Wed, 01 Aug 2018 16:00:48 GMT] "POST /api/user/notifications/list HTTP/1.1" 200 - 360.131 ms
::1 - - [Wed, 01 Aug 2018 16:01:54 GMT] "GET /home HTTP/1.1" 304 - 97.134 ms
::1 - - [Wed, 01 Aug 2018 16:01:55 GMT] "POST /api/newsfeed/list HTTP/1.1" 200 - 680.741 ms
::1 - - [Wed, 01 Aug 2018 16:02:01 GMT] "GET /css/bootstrap.min.css.map HTTP/1.1" 304 - 100.769 ms
::1 - - [Wed, 01 Aug 2018 16:09:58 GMT] "GET /css/bootstrap.min.css.map HTTP/1.1" 200 - 480.142 ms
::1 - - [Wed, 01 Aug 2018 16:11:04 GMT] "POST /api/newsfeed/list HTTP/1.1" 200 - 1429.387 ms
::1 - - [Wed, 01 Aug 2018 16:11:21 GMT] "POST /api/newsfeed/list HTTP/1.1" 200 - 726.000 ms
::1 - - [Wed, 01 Aug 2018 16:11:23 GMT] "GET /css/bootstrap.min.css.map HTTP/1.1" 200 - 123.197 ms
::1 - - [Wed, 01 Aug 2018 18:21:25 GMT] "POST /api/newsfeed/list HTTP/1.1" 200 - 1679.265 ms
::1 - - [Wed, 01 Aug 2018 18:32:43 GMT] "POST /api/newsfeed/list HTTP/1.1" - - - ms
::1 - - [Wed, 01 Aug 2018 18:32:46 GMT] "POST /api/newsfeed/list HTTP/1.1" 200 - 1665.144 ms
::1 - - [Wed, 01 Aug 2018 18:33:20 GMT] "POST /api/newsfeed/list HTTP/1.1" 200 429 481.351 ms
::1 - - [Wed, 01 Aug 2018 18:33:21 GMT] "POST /api/newsfeed/list HTTP/1.1" 200 429 354.338 ms
::1 - - [Wed, 01 Aug 2018 18:33:24 GMT] "GET /favicon.ico HTTP/1.1" 200 - 120.597 ms
::1 - - [Wed, 01 Aug 2018 18:38:46 GMT] "POST /api/newsfeed/list HTTP/1.1" 200 - 902.967 ms
::1 - - [Wed, 01 Aug 2018 18:38:52 GMT] "GET /css/bootstrap.min.css.map HTTP/1.1" 200 - 363.298 ms
::1 - - [Wed, 01 Aug 2018 18:39:08 GMT] "POST /logout HTTP/1.1" 200 0 47.110 ms
::1 - - [Wed, 01 Aug 2018 18:39:08 GMT] "GET /login HTTP/1.1" 200 - 3.309 ms
::1 - - [Wed, 01 Aug 2018 18:39:10 GMT] "GET /css/bootstrap.min.css.map HTTP/1.1" 304 - 0.842 ms
::1 - - [Wed, 01 Aug 2018 19:01:05 GMT] "GET /login HTTP/1.1" 304 - 4.859 ms
::1 - - [Wed, 01 Aug 2018 19:01:08 GMT] "GET /css/bootstrap.min.css.map HTTP/1.1" 304 - 0.849 ms
::1 - - [Wed, 01 Aug 2018 19:01:13 GMT] "GET /css/bootstrap.min.css.map HTTP/1.1" 304 - 0.727 ms
::1 - - [Wed, 01 Aug 2018 19:01:21 GMT] "GET /login HTTP/1.1" 304 - 0.728 ms
::1 - - [Wed, 01 Aug 2018 19:01:33 GMT] "GET /css/bootstrap.min.css.map HTTP/1.1" 304 - 0.685 ms
::1 - - [Wed, 01 Aug 2018 19:01:38 GMT] "GET /login HTTP/1.1" 304 - 0.994 ms
::1 - - [Wed, 01 Aug 2018 19:01:40 GMT] "GET /css/bootstrap.min.css.map HTTP/1.1" 304 - 1.675 ms
::1 - - [Wed, 01 Aug 2018 19:01:52 GMT] "GET /login HTTP/1.1" 304 - 0.751 ms
::1 - - [Wed, 01 Aug 2018 19:01:55 GMT] "GET /css/bootstrap.min.css.map HTTP/1.1" 304 - 0.633 ms
::1 - - [Sat, 04 Aug 2018 07:53:16 GMT] "POST /api/newsfeed/list HTTP/1.1" 401 25 2.478 ms
::1 - - [Sat, 04 Aug 2018 07:53:17 GMT] "GET /login HTTP/1.1" 200 - 9.011 ms
::1 - - [Sat, 04 Aug 2018 07:56:01 GMT] "GET /about HTTP/1.1" 200 - 2.270 ms
::1 - - [Sat, 04 Aug 2018 08:26:33 GMT] "POST /login HTTP/1.1" 403 14 279.187 ms
::1 - - [Sat, 04 Aug 2018 08:26:38 GMT] "POST /login HTTP/1.1" 403 14 257.759 ms
::1 - - [Sat, 04 Aug 2018 08:26:43 GMT] "POST /login HTTP/1.1" 403 14 263.519 ms
