::1 - - [Wed, 15 Aug 2018 17:11:21 GMT] "GET /api/auth/facebook HTTP/1.1" 302 0 4.192 ms
::1 - - [Wed, 15 Aug 2018 17:12:22 GMT] "GET /api/fbauthcallback?code=AQC9b5WR7NQpAz_nXEr7H2hmWl3QI1mvjHblKQbTWbnaD3SiUlixxjcwOwSEsNzuW2O069emTdST4EohHAroTwS7aJmy02s4A_AK_U9wLsJ5kftXPfbY4TebbtdGNVhy2NwEP1JFUbhlvZRT9Plv7S7IQHCprDRf7axyvr0NwvmIvkGc13OR4luBsFB8n3g12ZVkWZX4zG_wUDkhazdBSN_6O4FHqzn-Iq7rIDgYRMKymb8PUvT9RfuM0nvYMU5cRVP4Ccih6DOBAD99Ub2CuH1dR10s7-8oylz4Lc-zzIKtaO0b4RTJyM44lv7W4mcZ9ICVM0J2VSy2SaxglhjvBKQt HTTP/1.1" - - - ms
::1 - - [Wed, 15 Aug 2018 17:12:23 GMT] "GET /api/fbauthcallback?code=AQC9b5WR7NQpAz_nXEr7H2hmWl3QI1mvjHblKQbTWbnaD3SiUlixxjcwOwSEsNzuW2O069emTdST4EohHAroTwS7aJmy02s4A_AK_U9wLsJ5kftXPfbY4TebbtdGNVhy2NwEP1JFUbhlvZRT9Plv7S7IQHCprDRf7axyvr0NwvmIvkGc13OR4luBsFB8n3g12ZVkWZX4zG_wUDkhazdBSN_6O4FHqzn-Iq7rIDgYRMKymb8PUvT9RfuM0nvYMU5cRVP4Ccih6DOBAD99Ub2CuH1dR10s7-8oylz4Lc-zzIKtaO0b4RTJyM44lv7W4mcZ9ICVM0J2VSy2SaxglhjvBKQt HTTP/1.1" 500 - 531.338 ms
::1 - - [Wed, 15 Aug 2018 17:12:28 GMT] "GET /favicon.ico HTTP/1.1" 200 - 2287.217 ms
::1 - - [Wed, 15 Aug 2018 17:13:25 GMT] "POST /api/newsfeed/list HTTP/1.1" 200 376 1751.033 ms
::1 - - [Wed, 15 Aug 2018 17:13:31 GMT] "POST /logout HTTP/1.1" 200 0 241.933 ms
::1 - - [Wed, 15 Aug 2018 17:13:33 GMT] "GET /login HTTP/1.1" 200 - 7.212 ms
::1 - - [Wed, 15 Aug 2018 17:13:41 GMT] "GET /api/auth/facebook HTTP/1.1" 302 0 0.412 ms
::1 - - [Wed, 15 Aug 2018 17:14:41 GMT] "GET /api/fbauthcallback?code=AQDAKZzBllqAjOIsZFCUdQQA_srrwN8MDO0VDfJvBqKy5dtPLkbC0jqS96sDok-S_wGtyM80bC12o1v--mqYRFeLID7GWMZmXSbChF6PRtW-jeQZL0WMEnhzRD4955qjMU0NJTOZZaIgmv1mkgBV0JlQ0ZXu_A6QIx0odMV6J5xmV7s-IoVwqcwmeU0ifzhKaUiWKMBNjtB6HrCx_RTHVcfjvUBVBNSAslz8GwmBqJl7X-5kz1VEny3QYr0N2g4ZyIBF3toqerYD-pavA-pQNOoAPJOVgKa5B3HSTe9_5rGiEkQ30vZEE9NgNOo4N96twB7z5qxFDWlLngGIyBZsMkyg HTTP/1.1" - - - ms
::1 - - [Wed, 15 Aug 2018 17:15:20 GMT] "GET /api/fbauthcallback?code=AQDAKZzBllqAjOIsZFCUdQQA_srrwN8MDO0VDfJvBqKy5dtPLkbC0jqS96sDok-S_wGtyM80bC12o1v--mqYRFeLID7GWMZmXSbChF6PRtW-jeQZL0WMEnhzRD4955qjMU0NJTOZZaIgmv1mkgBV0JlQ0ZXu_A6QIx0odMV6J5xmV7s-IoVwqcwmeU0ifzhKaUiWKMBNjtB6HrCx_RTHVcfjvUBVBNSAslz8GwmBqJl7X-5kz1VEny3QYr0N2g4ZyIBF3toqerYD-pavA-pQNOoAPJOVgKa5B3HSTe9_5rGiEkQ30vZEE9NgNOo4N96twB7z5qxFDWlLngGIyBZsMkyg HTTP/1.1" 500 - 444.169 ms
::1 - - [Wed, 15 Aug 2018 17:15:21 GMT] "GET /favicon.ico HTTP/1.1" 304 - 5.155 ms
::1 - - [Wed, 15 Aug 2018 17:15:33 GMT] "POST /api/newsfeed/list HTTP/1.1" 401 25 1.739 ms
::1 - - [Wed, 15 Aug 2018 17:15:34 GMT] "GET /login HTTP/1.1" 304 - 2.387 ms
::1 - - [Wed, 15 Aug 2018 17:15:44 GMT] "GET /api/auth/facebook HTTP/1.1" 302 0 1.269 ms
::1 - - [Wed, 15 Aug 2018 17:15:46 GMT] "GET /api/fbauthcallback?code=AQBMxuGuXERp7x2z4sPUM2aYQKdC2sbFZfduleHNnToqtxJc2JK_Dsx4h7rjMhjPlR31kMbno8uoUV5Hwf13qXv8zrLtC3QneB-kx3LTpeWu1Mpl87QGjJ21HKE58rG1cEKdR9Lqybfpy0__FgKDce3DUmdP99gBbSP70-nYUSM8xJzHmUrLXvdZVwWU9BHqXEYdo8QCPwv5HCJ3JoSlA-jQT-yq9oKxjjTcDlxQJwu_mV-anPhaM9EB4iNjm2ZwmAIdAf3N167uWsXPOjyZXCnSyoyfdW-nUdg6n8ut4Rd-bLbvoqlNfjDqJDadxvUSowBi_WCVDWFp5kRKDwyIRB0b HTTP/1.1" 500 - 607.456 ms
::1 - - [Wed, 15 Aug 2018 17:15:47 GMT] "GET /api/fbauthcallback?code=AQBSqLrtiNbFnr2N_0oiynuHV9SN19p7YJY3bF-729kMCX3Ppc0PLmcpaxZV-3JK934sJd9cW8791Ikw56PPHajHiNKOvz6HB9zpyjGxHeSuk779rGjUNbVv7scjGneFhQBqTr3PJXzUYOI_FTV7lpKGLQhZnVogliFpUpBSFKbKNjRsA__aYnjYirhPvOWbdvSzO8S5YNNuIYTOj6DBI_KG23c2htduIpEZPu6Z7cBZvmvZhhTq-K5YD6KB5sxiVHUAfxdhqWnnvaYULnQmAO7su_Ti7Jxf1ciAoxNotPKlY-rXgPxSswts4HRxBdTAFLeewELzt3qABDJPKP5zDuqH HTTP/1.1" 500 - 414.132 ms
::1 - - [Wed, 15 Aug 2018 17:15:47 GMT] "GET /favicon.ico HTTP/1.1" 304 - 0.974 ms
::1 - - [Wed, 15 Aug 2018 17:18:31 GMT] "GET /api/auth/facebook HTTP/1.1" 302 0 9.615 ms
::1 - - [Wed, 15 Aug 2018 17:18:33 GMT] "GET /api/fbauthcallback?code=AQAHX8Nb6RswjM5dw8Iva_14TujEsP279Z7OSp9toYKA3vGy1rTrrKG-DQadCVgpWxn-ED1kLp0dfTnz4NbvvlmexqCxhNRjZEXAgr8WyFzrJaSohHYt8T3e0adOYv6XRWZsbYQYN_2WYp7Lc-8KJv33WXIyN6dDO_mIlNc1YJClUNF8Ki_nSTw5LyJkaTfLvmd6jwojddUQzfMMDrCtgTfrdAcsC-eapcfI4un82mJ6fCyGrOdMYSasG-Lwq8e3AZRS-Ww9NPpyYwNeWCMj1oUavOxKt1paDdptZZRqGO-as8pOwiPwK_Hmgz77vZxc-Qa6DR2qIgltQ3j5C5npOsdU HTTP/1.1" 500 - 951.087 ms
::1 - - [Wed, 15 Aug 2018 17:18:33 GMT] "GET /favicon.ico HTTP/1.1" 304 - 17.703 ms
::1 - - [Wed, 15 Aug 2018 17:24:27 GMT] "GET /api/auth/facebook HTTP/1.1" 302 0 2.937 ms
::1 - - [Wed, 15 Aug 2018 17:24:29 GMT] "GET /api/fbauthcallback?code=AQDxiT_7je_shFa-_nh5bEvSLJHldGu4MX70xVqjkh3NJ6UP7G1PNkMSv5vuqsIhqJlx15Di-WvlSmGR8JIU00A2RDN9DbQmm0f-7t3RJJiR4u8aIV9N2Q0ga_TCV2aJNAuV1wA-E-ZeVy96fosUmdgrwwfUzyJBkeeDOSEHmGWY9NiB7a05E7eir6ugFQrjZtRlODdK9JQlr_g8vCgTKG32KgNSl_v-NAWc7_V4iGJLTTK42Ui-55fPw-momjGqtnlSN5H4M4mlK68XXAPMoR1ER17GTB5-AuyCoEMHNFpFy1DJmtkvr_LiW6iQ1VwVYJ1fv7vKT0YktpvQDM5OrD61 HTTP/1.1" 500 - 841.094 ms
::1 - - [Wed, 15 Aug 2018 17:24:31 GMT] "GET /favicon.ico HTTP/1.1" 304 - 5.376 ms
::1 - - [Wed, 15 Aug 2018 17:30:55 GMT] "GET /api/auth/facebook HTTP/1.1" 302 0 2.981 ms
::1 - - [Wed, 15 Aug 2018 17:30:57 GMT] "GET /api/fbauthcallback?code=AQDhB6ZMCQy8QpVFwkQEu7F6I9V5YQ--DrYt_WH3n7nfO3WnTkhErkJirUa2qfToTEAR_I_cxPeKdeiTwtJ-5-peisX7H8pz3agq6bNzuQ7jnQhBSYQ-RRyiu4bIX1VMdu3zcWVX9-15jIXWPWaNxEtlqFssaKg9PJXT0f7fDy7NLZXtlz5AWFwC7bG54DhHObUJAXbN-Wia7epOQIIp9eYLmKEJgPW2EO3JBPaRIxf7mkIz_Ym8uzHjFY8Cv_DtGTqBX1PMZj6vLhZLoBMSEy3wpRrKIRyMgpQmIAt00bxVRKyB2S-GO3DlM6P3hvNLZBpYnvMHROYCoFz9rcWDGFDk HTTP/1.1" 500 - 819.550 ms
::1 - - [Wed, 15 Aug 2018 17:30:57 GMT] "GET /favicon.ico HTTP/1.1" 304 - 16.493 ms
::1 - - [Wed, 15 Aug 2018 17:42:34 GMT] "GET /api/auth/facebook HTTP/1.1" 302 0 3.701 ms
::1 - - [Wed, 15 Aug 2018 17:42:45 GMT] "GET /api/fbauthcallback?code=AQA0tUAnKVNJ-QEMdmkY2Zsfv_DaFsDVKLaqxod5Z9pFGs5l8CwoFonnYADgaYPVE_5lZ_TUvJlJM7Oje0ijiCa7YfNsa2c-GcKnXFVblYm9HfVjKOB9jqHCrWP-C3GR5vRDgsUwHf1F9AYvX4htM1L_AsSFgu008FtqXE_-YNZn8srd_FGbw0BzZJMERuCC0xsihTO7gJOa9utPzBLqFCW-wj1Up-qIpMLcHMci2EOR4XV0GRhP1m0Qf2ggbCj0ErHGXIAYDHuQMpuAcxB9QajIjiOT83mm7wUumpeamTc-CGW9Hf6mWdwZp7bDYwXeKX3xfL_pPWDFjDaEnr7WCnQG HTTP/1.1" 500 - 712.367 ms
::1 - - [Wed, 15 Aug 2018 17:42:48 GMT] "GET /favicon.ico HTTP/1.1" 304 - 6.144 ms
::1 - - [Wed, 15 Aug 2018 17:52:13 GMT] "GET /api/auth/facebook HTTP/1.1" 302 0 2.630 ms
::1 - - [Wed, 15 Aug 2018 17:52:16 GMT] "GET /api/fbauthcallback?code=AQA38YFJuREZyvuhEI2pxRA8lX7ASa-a9zEpqSKelqSu9HjnoZ8CmhLlnQAaVwtswsJTNejB0Z61CpM_PJaR8QtY9VjDY5lYGdR2oiOyGf-HaQwhwXihkT0Gh_HaMd7y5DEd5JQFT9pUN-MbaBcCVbw233-bgt7NpqMR7nqN1ep6zwc_8rhlBgApoXxlz5YIy2QPWFOuv-hBtOK8BIPE9I62E13yJs--n1HndKXE1rdU2gDGauh-FRdF-2K1Xl1OKO-HKlK4Slec3qx9g4xPnu3x8E9ipQTicwXt7CXAulOH6EK37kjBfXIThQfDr2g_pzLU3FvxGBlHZ5wpW8RMf5XX HTTP/1.1" 500 - 736.512 ms
::1 - - [Wed, 15 Aug 2018 17:52:17 GMT] "GET /api/fbauthcallback?code=AQBgMz8bXnNMQarFa_TVa7pFkPKlJvqRljhb-Mmhpi7Y2kxqBDMq3xqJp_zHe9LGqr4iZVkeBd5h_ogdtLwMr2q13dMdg3nunN0WACnZjA6b8K0cyGjWrPUz76uCnJN4hzGzV5P5SZNF6PZDt-nF2__jInjib70Xw6x2qFrLM5X8Fl7qzZymrjl7XIK0X51nMEaSxR38hXk8KHQVAW34cQnZ9y1QBlQQBf8TzQqfjVj46FrkHPTGLTg8UUC7_1Ac0Uj0fgVr4zcPj9mSZFauww9XSSrkf3cCbOexR2vH44sAJXvZf7mzP1-AZd1i9DU7CY3A99DEU__agy4wrJCREmra HTTP/1.1" 500 - 617.633 ms
::1 - - [Wed, 15 Aug 2018 17:52:18 GMT] "GET /favicon.ico HTTP/1.1" 304 - 5.785 ms
::1 - - [Wed, 15 Aug 2018 17:53:02 GMT] "GET /api/auth/facebook HTTP/1.1" 302 0 6.141 ms
::1 - - [Wed, 15 Aug 2018 17:53:05 GMT] "GET /api/fbauthcallback?code=AQASceIU9wUNUK9JrOFhmuHy5KESeEIf4gabj4TqbM1nv6P9CRcEc7MM0jtSMsp2WR7CRyDfYjmVADvnKy1DdcMlTUwEHAa_Mp0Vvcnag1qtU-NX_-HM-NfWvixddxWG57Sp7mKZIBIXoTZjLZXp5vBrdLzrOcL_ssXgrjQzZj9sDz-CnXAN6GiY-7_oGZ8__E_YTXfB4SRElzXeHfuZalJcSxIGenBE28Zbr3CYaGUr7mLsOHUJuGcbMNDuQOoYySn3ygZxEuDwFSfsJ4h8zvb4MvLwdKnakx7FBMPDzdbrnnDBl1B4CxSeDeqJrz9kJ62qY_YT5yCVRCF-jCdRtrSb HTTP/1.1" 500 - 831.074 ms
::1 - - [Wed, 15 Aug 2018 17:53:07 GMT] "GET /favicon.ico HTTP/1.1" 304 - 5.464 ms
::1 - - [Wed, 15 Aug 2018 17:55:33 GMT] "GET /api/auth/facebook HTTP/1.1" 302 0 2.853 ms
::1 - - [Wed, 15 Aug 2018 17:55:36 GMT] "GET /api/fbauthcallback?code=AQB5u2DewE9COfbhj_1INlmjOWBo8x2Vp1v_9Oi_-2gJrvTql7cBBTKD_eFWESPPBWN9YoXjUU9qjjTfiynvB4AbDtD1IcChRnNoDCEegzyeF87fc25vF19oC83xWI5naPFtPoZ8sxInKGl2DRe_Te-xU4v5o-EJ5f5ryDK-uF_49Hpi4o4zsa6U26R2wWXpdrYwSfowJxV5tz7KWh4Z9DR9PYgIIkPTA_DOaIm5k4wj9tnCbvZF8Tb7Vex1Tho2AEHMSUbwoZzD4PaTjOSCaVXMyZm7eX__oO4x9o1Fyu0F3I-lwfKquJK2cfxBF4e2nJfyEPAV4px93iop6TO0POtj HTTP/1.1" 302 56 1181.878 ms
::1 - - [Wed, 15 Aug 2018 17:55:37 GMT] "GET /login HTTP/1.1" 304 - 5.507 ms
::1 - - [Wed, 15 Aug 2018 17:56:32 GMT] "GET /api/fbauthcallback?code=AQAelfl91WvgVgsDH4EFIt3nhFvU5fTd5gl720ERCqvqpwKZFLwtBnAjgNY4wRfIVtd0a8vkSO_Eix4olX-HfQLi7C0Gukpih0ICehfuDhSreGde_a6Pq0MP2sjxoPGZS1KjOIel5MdPtVFhHV3YmS86GX2yfB2aqRv0F5cVWNvxdMTzzFt741UkjWMXSavAzZaypN7xtj3pGA7AB0G8IEPJYAs9Yqk7Pdsfhd5y0ubUh7LT3w5gW6CXmFVOiwtQHKSJNmvZRmJpNHfpC9KyTs8UdGCxuTCI0klUGZ2GbdrBvIvCN45g-LW8GaD7joY3E7cSfwI0hXjzVvh2jE18tnKQ HTTP/1.1" 302 56 2330.045 ms
::1 - - [Wed, 15 Aug 2018 17:56:33 GMT] "GET /login HTTP/1.1" 304 - 9.735 ms
::1 - - [Wed, 15 Aug 2018 17:57:53 GMT] "GET /api/auth/facebook HTTP/1.1" 302 0 3.523 ms
::1 - - [Wed, 15 Aug 2018 17:57:56 GMT] "GET /api/fbauthcallback?code=AQCTaYkBXISaoTkcEhueDPx5uTl7Gm3JMSWJx0KrvUH53PK1fm5-fv2lphwbq0jwCsbtS3fWyQF70cktx5dMq1Zw6AAd_K4-NzjkqxK803hzMPO96i8qs9CRcddij0l5zTuNc-zrHdvY30k_eHu0hfqk8wkudpFp72oFqPoVQv1zNqS5kbB6qVgc6H61HSSj9pyWD6OAYqmz4w1pIpThC7eXKI9-fs-LaBHHhoT32_t21N1dAhm2ePXTpCl9WQnxIkzoajnibnSGChH3uHh1CPtxcPpaRCVv9PzQTsJvq580Xzx_T25DLRXDBxJ9V9GmJ2-rk5f4u9i3GBdLlzAeSemp HTTP/1.1" - - - ms
::1 - - [Wed, 15 Aug 2018 17:58:54 GMT] "GET /api/fbauthcallback?code=AQC0k_vePgIAyfadKWtXYlZMYIYVAU0mErJHMzp9mSdDD7unhZlzwpJ7i1vZg0jDF156rPOmCdZEtxRGdcIoWGAL96JoZe6Wv7Zxi9pwhCUuyaofFymvAMPzGT6Az0zO5_nWF3sBbu6yg5sxcXVlpoo5gWampRyX65KVVhPx50wq5A9WaYym3vkDqtv41hHSmG87TCVG8SswQ0NP2hVwyGVfzmcBr-6v1nM8CUEjRJ69yfhDBbGe3FMduBw7yzP_L_UthjGA5L1WWDRxL3tsKdIak8LOiEeRmtyhA6yjwZVPMgtMUb_Q-DM57mQ_GHn5fbC9-qnLPZJ19LZ6mUqG5JM_ HTTP/1.1" - - - ms
::1 - - [Wed, 15 Aug 2018 17:59:54 GMT] "GET /api/fbauthcallback?code=AQC0k_vePgIAyfadKWtXYlZMYIYVAU0mErJHMzp9mSdDD7unhZlzwpJ7i1vZg0jDF156rPOmCdZEtxRGdcIoWGAL96JoZe6Wv7Zxi9pwhCUuyaofFymvAMPzGT6Az0zO5_nWF3sBbu6yg5sxcXVlpoo5gWampRyX65KVVhPx50wq5A9WaYym3vkDqtv41hHSmG87TCVG8SswQ0NP2hVwyGVfzmcBr-6v1nM8CUEjRJ69yfhDBbGe3FMduBw7yzP_L_UthjGA5L1WWDRxL3tsKdIak8LOiEeRmtyhA6yjwZVPMgtMUb_Q-DM57mQ_GHn5fbC9-qnLPZJ19LZ6mUqG5JM_ HTTP/1.1" - - - ms
::1 - - [Wed, 15 Aug 2018 18:01:08 GMT] "GET /api/fbauthcallback?code=AQC0k_vePgIAyfadKWtXYlZMYIYVAU0mErJHMzp9mSdDD7unhZlzwpJ7i1vZg0jDF156rPOmCdZEtxRGdcIoWGAL96JoZe6Wv7Zxi9pwhCUuyaofFymvAMPzGT6Az0zO5_nWF3sBbu6yg5sxcXVlpoo5gWampRyX65KVVhPx50wq5A9WaYym3vkDqtv41hHSmG87TCVG8SswQ0NP2hVwyGVfzmcBr-6v1nM8CUEjRJ69yfhDBbGe3FMduBw7yzP_L_UthjGA5L1WWDRxL3tsKdIak8LOiEeRmtyhA6yjwZVPMgtMUb_Q-DM57mQ_GHn5fbC9-qnLPZJ19LZ6mUqG5JM_ HTTP/1.1" 500 - 640.759 ms
::1 - - [Wed, 15 Aug 2018 18:01:08 GMT] "GET /favicon.ico HTTP/1.1" 304 - 5.874 ms
::1 - - [Wed, 15 Aug 2018 18:09:49 GMT] "GET /api/auth/facebook HTTP/1.1" 302 0 8.875 ms
::1 - - [Wed, 15 Aug 2018 18:09:52 GMT] "GET /api/fbauthcallback?code=AQByw7FDfNdHUnOVzuBcfkV5MzfaxRbkjvnpjsNXHg7ceQeLyZJZFH6i-je0i1GgbDzhhJnolCjAfLh0w0GoSyMJKHWnM0K8yzszc1y49ztVvKLKgMttUGQW7dpGnQ7_TeMMFtUr4BF1Puh-3XPbN57tSx73NyChLjpfmJqpzPGrL_5Vs-mk2jI-v1wNVwKSOZ-oFO2KgGnV1wIzTvQYYfYMvo55aY-9Eqpb8jYbvs2ichob0yWq63B17BazlrzHZZRN_F_FEBoeDivw8TuoFbqmZSUNkX21Y7uYQiT9re526Ox_vAOzuHb0MIdlmDwXNiDBsbDutGCpdhjngiQNDl3q HTTP/1.1" - - - ms
::1 - - [Wed, 15 Aug 2018 18:10:49 GMT] "GET /api/fbauthcallback?code=AQAraNSAQ333333T-ZBAUjGOlY0T166VuLYR70Nju9__RYbyr-hLmbKS22eXjmQYwi5k3isLhZAhlJEwkgssDeRpi6EFymr8Lsqhinc0qQUo1UmbwLpsmORl7vFZDJtukM7pBrL3BsJN56CSQuqU6IM5SZ5nEvCmX5KGdqBXdH-C7FSFVBHDNv17L7DeVyktGxiNdJktA2nQ_cljtiRXSVlb3D6ssBto09c1o8LSWNf2r3940QWsuPUrcIFsW3ElUZxSIKk06QhcHg6w8jC7lCskrQALPzYuCarmegGqrekEnCOBaHsadOPN66gddvAO47SeJbwWQmqrnRqdhrlos2qk HTTP/1.1" - - - ms
::1 - - [Wed, 15 Aug 2018 18:10:50 GMT] "GET /api/fbauthcallback?code=AQAraNSAQ333333T-ZBAUjGOlY0T166VuLYR70Nju9__RYbyr-hLmbKS22eXjmQYwi5k3isLhZAhlJEwkgssDeRpi6EFymr8Lsqhinc0qQUo1UmbwLpsmORl7vFZDJtukM7pBrL3BsJN56CSQuqU6IM5SZ5nEvCmX5KGdqBXdH-C7FSFVBHDNv17L7DeVyktGxiNdJktA2nQ_cljtiRXSVlb3D6ssBto09c1o8LSWNf2r3940QWsuPUrcIFsW3ElUZxSIKk06QhcHg6w8jC7lCskrQALPzYuCarmegGqrekEnCOBaHsadOPN66gddvAO47SeJbwWQmqrnRqdhrlos2qk HTTP/1.1" 500 - 436.356 ms
::1 - - [Wed, 15 Aug 2018 18:10:52 GMT] "GET /favicon.ico HTTP/1.1" 304 - 15.453 ms
::1 - - [Wed, 15 Aug 2018 18:11:49 GMT] "GET /api/auth/facebook HTTP/1.1" 302 0 11.917 ms
::1 - - [Wed, 15 Aug 2018 18:11:56 GMT] "GET /api/fbauthcallback?code=AQBdobXxxLjSRmkWEktNvd8nmYpV39OcXXyzJ5juSmDV-a5GufHNsAo8yoY3GGekfEphwwDULFnH-Qwb1VaWKpAplwcZO7ZQJaFrgJDUN-unl5s1ggGObX5bF8hx0f1wPioAEuxPSiSImxYz8FTX955VFt1MH9AtxQkvU8YtitAZ4h2frHiMFQnexn6G0R6lxCabFGcQ6VAWlHr-PCkRZwdkXwcSBcybnq6LTW3Jm1j5sLmaTbJ7FAlDniHrM4U5tTsTK1pqlf46nMcRfAAqznpIAhPjVDFrmDe31uhaWz5Xf0vyNChFjp-fR1YAP-K_sMgGNyb2Frhe3_FtEj_Zt-p9 HTTP/1.1" 500 - 6066.512 ms
::1 - - [Wed, 15 Aug 2018 18:11:57 GMT] "GET /favicon.ico HTTP/1.1" 304 - 15.762 ms
::1 - - [Wed, 15 Aug 2018 18:14:27 GMT] "GET /api/auth/facebook HTTP/1.1" 302 0 14.197 ms
::1 - - [Wed, 15 Aug 2018 18:14:34 GMT] "GET /api/fbauthcallback?code=AQC7KUMv38Y0gyRagrx90QPg_iW_Qrdah-FjkFVJ69RjH5Wd4Qww7eAjc_uJzzUDmuXCvFTqRONmpl-yt8Fkykwo23MFIdcQe52N1jqz9U2fo751bCiyU58Hr-ohzUNHc84fZmBUyue05L3zaQopd2pfaqbeXGOJdqxNl4-mhqXfMsijjdL22gmLNrFfD5Eemg2feMQyFDi4sD-_sNq7i3wQwpfr83XZA7417hVTGsQNcg-R7KMZNVoO8HVm9y-3vQg08sEDdVSqB1cyl2TmwsgKJqH6-U2dXEDttXtCDojyST4nGIgi-lCVI4jPEbInopFQ0eDG-KtJQCJC-1GaM9ZG HTTP/1.1" 500 - 5679.166 ms
::1 - - [Wed, 15 Aug 2018 18:14:34 GMT] "GET /favicon.ico HTTP/1.1" 304 - 12.128 ms
::1 - - [Wed, 15 Aug 2018 18:18:57 GMT] "GET /api/auth/facebook HTTP/1.1" 302 0 15.546 ms
::1 - - [Wed, 15 Aug 2018 18:18:59 GMT] "GET /api/auth/facebook HTTP/1.1" 302 0 1.321 ms
::1 - - [Wed, 15 Aug 2018 18:19:05 GMT] "GET /api/fbauthcallback?code=AQASiMjQiUn8Aid5mumbL_GJdE25-7N7K5A8Q0X1tQwgPnDRH_dBsLFJsVv6BdQArrdXCzY4wpme0uEwn5Oohct0ACBjtricBbUgf-9mKqCHihcBRB8fEgSbqPnBl2cLuB4E0evbWRCFg42bMOgoJtOoI5qptfhkNJOZhdh8NzFt_Vipvf7ytZ0BOVoDL8wWOh8yelRF3njMXc6vuoWOCn54XkfyZ6vOxbSMWRLQXAIJPhZv6qmNbn21uGx--6-v85flTXDp-7BoJVxs-d41I7VI2ItdZAz9foZSpaLnRoYSsCslIhDMrs-fZZtsX3Mwjhnoijqgx8c5lOVO0qOCimme HTTP/1.1" 500 - 5110.083 ms
::1 - - [Wed, 15 Aug 2018 18:19:06 GMT] "GET /favicon.ico HTTP/1.1" 304 - 13.777 ms
::1 - - [Wed, 15 Aug 2018 18:22:18 GMT] "GET /api/auth/facebook HTTP/1.1" 302 0 7.034 ms
::1 - - [Wed, 15 Aug 2018 18:22:20 GMT] "GET /api/fbauthcallback?code=AQANoEsRn0GSoFPF2XyEAHJV-1O6sAAl-UuRvhRMtivl7BC8Kd1YZsgZBg-kjViKd_VxfeVo3oyK6WN5AONn3lLwY9vqsNImRE2OcIjP6pSAByBMhwYcfkLoAkm2Hvr0a6N7rljfCxbfMldwxEk5ZsJidyKu7iVuvJE_fCFAZTtqfcYBHte6uweZyxxZr4zhp8e0UYNo-ditYub8WQyvGc-60_QZR-I7CthV7r6EhjPEsQOdJcEREQwpBthXNKYzmuoH2LtWNzWn_zGumdW5BtSBlo18kCgNuclpLtizU2pG1aT2FKZmInjsI6WnABwvz9Fs6_QaJeUZCCKbJxZ5eBfd HTTP/1.1" 500 - 1558.147 ms
::1 - - [Wed, 15 Aug 2018 18:22:21 GMT] "GET /favicon.ico HTTP/1.1" 304 - 7.754 ms
::1 - - [Wed, 15 Aug 2018 18:23:00 GMT] "GET /api/auth/facebook HTTP/1.1" 302 0 7.453 ms
::1 - - [Wed, 15 Aug 2018 18:23:02 GMT] "GET /api/fbauthcallback?code=AQBwikFyby1Lrsv0p78vwnlUXt-l7IV_mVmlj2MDLOftnFUaGr0iU_iIp8tJEv4lS5kVXowvlNma_fSMdkIPQ7ju_ZB9Q4VSxIcnvappsVdV8cVfFH6Ad0QjsPtov2bqTzcXGTzuUvOkGJodZfs3GmO-MKcKfNaxbs892JUJ1rgfLmpxY80f09tZJ7EqsWdkQGjMCYwFu7ET-F-HlmZ_IslPNZ-K1wyJUqJsfP-9nVj1JCy_2-NMOd6nr8Q20y4O3L0T2-VlW_qty0VkQqkpIBQDb0pi2aIHa_9kC75jiiJfFZTXbgteA4KMSUhBgsQkHmyUFtzDXclVqn2VScwfJWFj HTTP/1.1" 500 - 1453.189 ms
::1 - - [Wed, 15 Aug 2018 18:23:03 GMT] "GET /favicon.ico HTTP/1.1" 304 - 5.330 ms
::1 - - [Wed, 15 Aug 2018 18:23:41 GMT] "GET /api/auth/facebook HTTP/1.1" 302 0 3.401 ms
::1 - - [Wed, 15 Aug 2018 18:23:44 GMT] "GET /api/fbauthcallback?code=AQDUO8_oFaXj33P0L4Xp_4pZ337Sud3eZ5O7cf_p_-fmI1_IOtGBe22aPjolvySPAcFuZtWfntYY3ROgXgxeDyhsiA_1TyAH76OiZpf1Mtuek4NnZyGPdDCjS2qoab4tdnR3Nm5G4HqXHTk4t9rTeoZd2lfWoD46RC43SslT5zBKV3g7skxr-p_IWhSo_6409NMHHWH0gSf2Ufn_4stkjW4fcNlUKfcu4GDEv_xmTAcfFGhrYmdu5INcHV5X-JsosMrTLW4_mMp5jUZDUDs5kO-KtshZCbgocSX5rtNLjWbDRD1Ew1SXT9CHt0vMvZZKeVkz4wDH7GOsNO3FgkKJuwu2 HTTP/1.1" 302 46 1437.080 ms
::1 - - [Wed, 15 Aug 2018 18:23:47 GMT] "POST /api/newsfeed/list HTTP/1.1" 200 392 1782.692 ms
::1 - - [Wed, 15 Aug 2018 18:24:03 GMT] "GET /stage/fb-2624138660933456 HTTP/1.1" 200 - 3343.463 ms
::1 - - [Wed, 15 Aug 2018 18:24:07 GMT] "GET /api/user/join-date/fb-2624138660933456 HTTP/1.1" 200 846 1436.240 ms
::1 - - [Wed, 15 Aug 2018 18:24:07 GMT] "GET /api/element/list/fb-2624138660933456 HTTP/1.1" 200 309 2662.863 ms
::1 - - [Wed, 15 Aug 2018 18:24:08 GMT] "POST /api/user/update-profile-position HTTP/1.1" 200 20 918.091 ms
::1 - - [Wed, 15 Aug 2018 18:24:12 GMT] "POST /logout HTTP/1.1" 200 0 242.908 ms
::1 - - [Wed, 15 Aug 2018 18:24:12 GMT] "GET /login HTTP/1.1" 304 - 2.312 ms
::1 - - [Wed, 15 Aug 2018 18:38:15 GMT] "GET /api/auth/facebook HTTP/1.1" 302 0 1.846 ms
::1 - - [Wed, 15 Aug 2018 18:38:20 GMT] "GET /api/fbauthcallback?code=AQAgj9T5Qb6-PE8RJesgttP_XFIJuyHUaj3jmokv6KvQGNh4MwCxubmILwk0cAR6bvBEP5K-FO2QD3NBPcVmzJoCox8LxkwFV48Vc4oEH3zu-g3eNkY_6HkXoHQiFBFEgx2tHgfs5xkDGXUqYBAMtWRzL97kmkiunCreOt3ziAaDRlp4Vpms-uoXgaa_mga-XK_BnQBRUt0ysSP8O8JcMVQ97Oegf-LYyK11IjxGSb8HlxjmX_uVABQPSa6AvjEmfU36KeDrXsM1DOh580Rcbflwo2gv1QCK6zHrgLCF7pwcfH_dp6XcBFxfaaB4EMF-vqGKsD2f6VOSQ7e13bBzUxFt HTTP/1.1" - - - ms
::1 - - [Wed, 15 Aug 2018 18:38:22 GMT] "GET /api/fbauthcallback?code=AQDgo-FQXfgJDEqq6_Oi5U7LXoRwIRKz4Z6EPeK6FBgDvjpKur2lMdanME8l_pZX92eJ4J4edDaG19usw1WsY9ttGsG6m-cYKVyBC0kv2PY6EdOwR0yOC_qQTGyFTx0bvi0bcnBG_v-dTUPCR4jD8H39tl1Siu1FuAhU64Mn6QQ0f3HbkchlfYIi4iVTzV8cpiwu0VUEjHiDiyuAdjSeQG-axktfnLJH3Ft1dnHhMX1f31ZOzRlqaX65QNghClAds46M73nz63JixUJguNtQCbSbG3kAO9pMKSaWGF75um1Qq1teQa_tWZ4qkZu3ag4PvgUqKOM7KZP2IM3zZFBU0BCG HTTP/1.1" 302 46 5557.175 ms
::1 - - [Wed, 15 Aug 2018 18:38:25 GMT] "POST /api/newsfeed/list HTTP/1.1" 200 403 1741.145 ms
::1 - - [Thu, 16 Aug 2018 06:55:38 GMT] "POST /api/newsfeed/list HTTP/1.1" 200 392 1763.121 ms
::1 - - [Thu, 16 Aug 2018 06:58:39 GMT] "POST /logout HTTP/1.1" 200 0 1538.770 ms
::1 - - [Thu, 16 Aug 2018 06:58:40 GMT] "GET /login HTTP/1.1" 200 - 39.963 ms
::1 - - [Thu, 16 Aug 2018 07:00:08 GMT] "GET /api/auth/facebook HTTP/1.1" 302 0 4.725 ms
::1 - - [Thu, 16 Aug 2018 07:00:11 GMT] "GET /api/fbauthcallback?code=AQCAi3tCfsz5KQZoDgkZWT5rGZTBc5jpB9-cAdR7qlBDbwvXr10fuA24uNVhvTRsEVdHlzG9yIHBl8OrZy1x2xleVis2Dw-Ag4Pw9qbMoLqwCMFoeZW1nJo_2r123n7pGHYSVf6EeINij4k9pfAcIXXFGWIjMNlk91h9jQJslCMmxeW5E8liL8yjWDLSBMW1GJQt3pkkxKI2tAv-iiOl3vlg_ZW6A_DP5YKrjbmS2QabmBU35WOzLYzLd9NbA_67GIWoewuxquCkUJwG7XZMFnYX61RZxilgn2rNh0lNB3zeaRSk4jdg5OCZC-014Qj5vpZX5z1igqJ0nNwnkmPuiVEm HTTP/1.1" 302 46 1568.277 ms
::1 - - [Thu, 16 Aug 2018 07:13:37 GMT] "GET /api/auth/facebook HTTP/1.1" 302 0 0.377 ms
::1 - - [Thu, 16 Aug 2018 07:13:39 GMT] "GET /api/fbauthcallback?code=AQCzvtafX1REX4JOTUvIY4uFCClCDUmOOzBJWb4czwbhcbuo5L-sXsfRQNs0SYtUb7VbQbPrFpqRLPgsZaY03lSBKKEkFMbM6so4NJ2w_EJ2tiM7GnhQgoAU2D6Ug_NhKFxVOIc7QSHvPuQ7SvHOddZYm26WnP23EowgbYTjJiNArZiAsZEFoBa9cMWqa4z3jO6CUAA4ymkQnXmeoBRDvjh5Q2p4Q8hFy63Wiw_f8Z5k9NRK3WUpl-6MFBAFEOcFIrfVsI54yLDrtAkztLYcJAma0aF0tYXEkNcxQJSWuwZyABSRragYd_eE0KeTHFsgDL1sYNlousx1wvVKggaQM500 HTTP/1.1" 302 46 1262.197 ms
::1 - - [Thu, 16 Aug 2018 07:21:30 GMT] "GET /login HTTP/1.1" 200 - 2384.308 ms
::1 - - [Thu, 16 Aug 2018 07:21:37 GMT] "GET /api/auth/facebook HTTP/1.1" 302 0 7.393 ms
::1 - - [Thu, 16 Aug 2018 07:21:40 GMT] "GET /api/fbauthcallback?code=AQDW_Jmfx0FLBXYVvNTquidASLEXH16guNIMDQS7USbleeIpm4Ft5hza72NpUGJnIdgm4j0ValLI13AzzKBrre15PR4dzUSEtUkDX9EM09jljLZCSJhyMbE0iCRh7c8NtBpRQjC87g1CkC3i7sV0-klQgCraEKkjHjKyn8zGyxMF-jwg0oRF02UWra1azpDFUrTLF-8dTUodK25tFWAT_s0cDizq-94sjYOQRxiQX4xrcveS_2X6o79Ji_4mAuSS7MSZdAzLXjyZ5Hq4QC9xvcmmTYMQqIgv7EsR6NN25E1AoQpsuMBXwEipCqFOp3CeYXJezmV5ApUCLqfEJzwyDoga HTTP/1.1" 302 46 1644.708 ms
::1 - - [Thu, 16 Aug 2018 07:21:42 GMT] "POST /api/newsfeed/list HTTP/1.1" 200 392 1870.780 ms
::1 - - [Thu, 16 Aug 2018 07:21:52 GMT] "POST /logout HTTP/1.1" 200 0 658.069 ms
::1 - - [Thu, 16 Aug 2018 07:21:53 GMT] "GET /login HTTP/1.1" 304 - 176.425 ms
::1 - - [Thu, 16 Aug 2018 07:52:44 GMT] "POST /api/newsfeed/list HTTP/1.1" 401 25 14.729 ms
::1 - - [Thu, 16 Aug 2018 07:52:45 GMT] "GET /login HTTP/1.1" 304 - 17.103 ms
::1 - - [Thu, 16 Aug 2018 07:52:57 GMT] "GET /api/auth/facebook HTTP/1.1" 302 0 5.876 ms
::1 - - [Thu, 16 Aug 2018 07:53:00 GMT] "GET /api/fbauthcallback?code=AQD_TxO7q2wGU5EIRZKCbpL2HNzjKs1nGhEMu3duHPgBvBNB-3sA6BnUO4pAmaE3ZB5Db4t5VlL0hxGVP7xGvVXk-jn6FDHLDZLph9bDybthtrTsokYYp4yELP7buDX3W5WIDvQEzXcgnYFzzk6p-7zAnadMPpOhvK6u_ifHSThWnuVmxKkSB_pxUX5fasd0wO6AhfM79btzuHM6CeulSDuSjRs0Be1XCWVgiu7KUAbMgTw13OktpS3yd3sjRWUvBXJu-N2iUi3I5_yGBciHyAZqB-AlootfkO1hpMj4wY2lg-YuZmllKwbBd8UfM3pQWDk_8zEx0BeYlztfd3cQ_Ugq HTTP/1.1" 302 46 1676.702 ms
::1 - - [Thu, 16 Aug 2018 07:53:03 GMT] "POST /api/newsfeed/list HTTP/1.1" 200 392 1975.666 ms
::1 - - [Thu, 16 Aug 2018 07:54:26 GMT] "GET /stage/fb-2624138660933456 HTTP/1.1" 200 - 2503.732 ms
::1 - - [Thu, 16 Aug 2018 07:54:32 GMT] "GET /stage/fb-2624138660933456 HTTP/1.1" 200 - 2323.079 ms
::1 - - [Thu, 16 Aug 2018 07:54:34 GMT] "GET /api/user/join-date/fb-2624138660933456 HTTP/1.1" 200 837 1533.061 ms
::1 - - [Thu, 16 Aug 2018 07:54:34 GMT] "GET /api/element/list/fb-2624138660933456 HTTP/1.1" 200 310 1537.851 ms
::1 - - [Thu, 16 Aug 2018 07:54:36 GMT] "POST /api/user/update-profile-position HTTP/1.1" 200 20 910.963 ms
::1 - - [Thu, 16 Aug 2018 08:11:12 GMT] "POST /api/element/text/save HTTP/1.1" 200 265 1385.974 ms
::1 - - [Thu, 16 Aug 2018 08:11:18 GMT] "GET /api/element/list/fb-2624138660933456 HTTP/1.1" 200 - 2175.786 ms
::1 - - [Thu, 16 Aug 2018 08:11:30 GMT] "POST /api/element/text/update HTTP/1.1" 200 20 1947.840 ms
::1 - - [Thu, 16 Aug 2018 08:17:15 GMT] "GET /stage/fb-2624138660933456 HTTP/1.1" 200 - 2381.698 ms
::1 - - [Thu, 16 Aug 2018 08:17:21 GMT] "GET /api/user/join-date/fb-2624138660933456 HTTP/1.1" 200 873 3764.223 ms
::1 - - [Thu, 16 Aug 2018 08:17:21 GMT] "GET /api/element/list/fb-2624138660933456 HTTP/1.1" 200 - 4026.138 ms
::1 - - [Thu, 16 Aug 2018 08:17:38 GMT] "GET /css/bootstrap.min.css.map HTTP/1.1" 200 - 901.914 ms
::1 - - [Thu, 16 Aug 2018 08:29:54 GMT] "GET /stage/fb-2624138660933456 HTTP/1.1" 200 - 2311.990 ms
::1 - - [Thu, 16 Aug 2018 08:29:57 GMT] "GET /css/bootstrap.min.css.map HTTP/1.1" 200 - 2062.574 ms
::1 - - [Thu, 16 Aug 2018 08:29:59 GMT] "GET /api/user/join-date/fb-2624138660933456 HTTP/1.1" 304 - 3905.086 ms
::1 - - [Thu, 16 Aug 2018 08:30:00 GMT] "GET /api/element/list/fb-2624138660933456 HTTP/1.1" 304 - 3296.133 ms
::1 - - [Fri, 17 Aug 2018 04:19:12 GMT] "POST /api/newsfeed/list HTTP/1.1" 200 - 7357.075 ms
::1 - - [Fri, 17 Aug 2018 04:19:24 GMT] "GET /stage/fb-2624138660933456 HTTP/1.1" 200 - 1229.508 ms
::1 - - [Fri, 17 Aug 2018 04:19:27 GMT] "GET /api/user/join-date/fb-2624138660933456 HTTP/1.1" 304 - 2075.579 ms
::1 - - [Fri, 17 Aug 2018 04:19:29 GMT] "GET /api/element/list/fb-2624138660933456 HTTP/1.1" 200 - 3413.740 ms
::1 - - [Fri, 17 Aug 2018 04:19:44 GMT] "GET /css/bootstrap.min.css.map HTTP/1.1" 200 - 1643.689 ms
::1 - - [Fri, 17 Aug 2018 04:37:53 GMT] "GET /stage/fb-2624138660933456 HTTP/1.1" 200 - 3205.481 ms
::1 - - [Fri, 17 Aug 2018 04:37:57 GMT] "GET /css/bootstrap.min.css.map HTTP/1.1" 200 - 2843.136 ms
::1 - - [Fri, 17 Aug 2018 04:37:59 GMT] "GET /api/user/join-date/fb-2624138660933456 HTTP/1.1" 304 - 2507.139 ms
::1 - - [Fri, 17 Aug 2018 04:38:00 GMT] "GET /api/element/list/fb-2624138660933456 HTTP/1.1" 200 - 3371.390 ms
::1 - - [Fri, 17 Aug 2018 04:38:41 GMT] "POST /api/element/text/save HTTP/1.1" 200 263 1843.135 ms
::1 - - [Fri, 17 Aug 2018 05:41:29 GMT] "GET /stage/fb-2624138660933456 HTTP/1.1" 200 - 3798.202 ms
- - - [Fri, 17 Aug 2018 05:49:10 GMT] "GET /stage/fb-2624138660933456 HTTP/1.1" - - - ms
::1 - - [Fri, 17 Aug 2018 05:49:39 GMT] "GET /stage/fb-2624138660933456 HTTP/1.1" 200 - 2208.151 ms
::1 - - [Fri, 17 Aug 2018 05:49:43 GMT] "GET /css/bootstrap.min.css.map HTTP/1.1" 200 - 2874.337 ms
::1 - - [Fri, 17 Aug 2018 05:49:44 GMT] "GET /api/user/join-date/fb-2624138660933456 HTTP/1.1" 304 - 3503.868 ms
::1 - - [Fri, 17 Aug 2018 05:49:46 GMT] "GET /api/element/list/fb-2624138660933456 HTTP/1.1" 200 - 5352.252 ms
::1 - - [Fri, 17 Aug 2018 05:59:40 GMT] "GET /stage/fb-2624138660933456 HTTP/1.1" 200 - 2597.650 ms
::1 - - [Fri, 17 Aug 2018 05:59:42 GMT] "GET /css/bootstrap.min.css.map HTTP/1.1" 200 - 872.527 ms
::1 - - [Fri, 17 Aug 2018 05:59:46 GMT] "GET /api/user/join-date/fb-2624138660933456 HTTP/1.1" 304 - 1846.290 ms
::1 - - [Fri, 17 Aug 2018 05:59:48 GMT] "GET /api/element/list/fb-2624138660933456 HTTP/1.1" 304 - 4856.820 ms
::1 - - [Fri, 17 Aug 2018 06:22:55 GMT] "POST /api/newsfeed/list HTTP/1.1" 200 - 5016.259 ms
::1 - - [Fri, 17 Aug 2018 06:23:08 GMT] "GET /stage/fb-2624138660933456 HTTP/1.1" 200 - 1075.238 ms
::1 - - [Fri, 17 Aug 2018 06:23:12 GMT] "GET /api/user/join-date/fb-2624138660933456 HTTP/1.1" 304 - 3103.234 ms
::1 - - [Fri, 17 Aug 2018 06:23:13 GMT] "GET /api/element/list/fb-2624138660933456 HTTP/1.1" 200 - 3499.078 ms
::1 - - [Fri, 17 Aug 2018 06:23:24 GMT] "GET /stage/fb-2624138660933456 HTTP/1.1" 304 - 991.154 ms
::1 - - [Fri, 17 Aug 2018 06:23:26 GMT] "GET /api/user/join-date/fb-2624138660933456 HTTP/1.1" 304 - 1526.391 ms
::1 - - [Fri, 17 Aug 2018 06:23:29 GMT] "GET /api/element/list/fb-2624138660933456 HTTP/1.1" 304 - 4298.610 ms
::1 - - [Fri, 17 Aug 2018 06:23:51 GMT] "GET /css/bootstrap.min.css.map HTTP/1.1" 200 - 933.732 ms
::1 - - [Fri, 17 Aug 2018 06:33:46 GMT] "GET /stage/fb-2624138660933456 HTTP/1.1" 200 - 2396.117 ms
::1 - - [Fri, 17 Aug 2018 06:33:51 GMT] "GET /css/bootstrap.min.css.map HTTP/1.1" 200 - 3197.706 ms
::1 - - [Fri, 17 Aug 2018 06:33:52 GMT] "GET /api/user/join-date/fb-2624138660933456 HTTP/1.1" 304 - 1694.374 ms
::1 - - [Fri, 17 Aug 2018 06:33:54 GMT] "GET /api/element/list/fb-2624138660933456 HTTP/1.1" 200 - 2963.277 ms
::1 - - [Fri, 17 Aug 2018 06:43:26 GMT] "GET /stage/fb-2624138660933456 HTTP/1.1" 200 - 1845.608 ms
::1 - - [Fri, 17 Aug 2018 06:43:30 GMT] "GET /api/user/join-date/fb-2624138660933456 HTTP/1.1" 304 - 2460.856 ms
::1 - - [Fri, 17 Aug 2018 06:43:30 GMT] "GET /api/element/list/fb-2624138660933456 HTTP/1.1" 304 - 2727.011 ms
::1 - - [Fri, 17 Aug 2018 06:43:53 GMT] "POST /api/upload HTTP/1.1" 200 113 553.943 ms
::1 - - [Fri, 17 Aug 2018 06:43:55 GMT] "POST /api/element/image/save HTTP/1.1" 200 342 1044.743 ms
::1 - - [Fri, 17 Aug 2018 06:44:04 GMT] "POST /api/element/image/update HTTP/1.1" 200 20 1533.267 ms
::1 - - [Fri, 17 Aug 2018 06:44:08 GMT] "POST /api/element/text/update HTTP/1.1" 200 20 1538.976 ms
::1 - - [Fri, 17 Aug 2018 07:05:04 GMT] "GET /stage/fb-2624138660933456 HTTP/1.1" 200 - 1958.291 ms
::1 - - [Fri, 17 Aug 2018 07:27:39 GMT] "GET /stage/fb-2624138660933456 HTTP/1.1" 200 - 2459.433 ms
::1 - - [Fri, 17 Aug 2018 07:27:48 GMT] "GET /api/user/join-date/fb-2624138660933456 HTTP/1.1" 304 - 1736.820 ms
::1 - - [Fri, 17 Aug 2018 07:27:49 GMT] "GET /api/element/list/fb-2624138660933456 HTTP/1.1" 200 - 4803.352 ms
::1 - - [Fri, 17 Aug 2018 07:31:30 GMT] "GET /stage/fb-2624138660933456 HTTP/1.1" 200 - 1869.651 ms
::1 - - [Fri, 17 Aug 2018 07:31:35 GMT] "GET /api/user/join-date/fb-2624138660933456 HTTP/1.1" 304 - 1267.923 ms
::1 - - [Fri, 17 Aug 2018 07:31:36 GMT] "GET /api/element/list/fb-2624138660933456 HTTP/1.1" 304 - 3586.514 ms
::1 - - [Fri, 17 Aug 2018 07:33:14 GMT] "GET /css/bootstrap.min.css.map HTTP/1.1" 200 - 771.753 ms
::1 - - [Fri, 17 Aug 2018 07:39:04 GMT] "GET /stage/fb-2624138660933456 HTTP/1.1" 200 - 2470.643 ms
::1 - - [Fri, 17 Aug 2018 07:39:09 GMT] "GET /css/bootstrap.min.css.map HTTP/1.1" 200 - 1076.231 ms
::1 - - [Fri, 17 Aug 2018 07:39:10 GMT] "GET /api/user/join-date/fb-2624138660933456 HTTP/1.1" 304 - 3024.252 ms
::1 - - [Fri, 17 Aug 2018 07:39:13 GMT] "GET /api/element/list/fb-2624138660933456 HTTP/1.1" 304 - 4833.325 ms
